<?xml version="1.0" encoding="UTF-8"?>
<coverage generated="1585796570963" clover="3.2.0">
  <project timestamp="1585796570963" name="All files">
    <metrics statements="7" coveredstatements="4" conditionals="6" coveredconditionals="1" methods="2" coveredmethods="2" elements="15" coveredelements="7" complexity="0" loc="7" ncloc="7" packages="1" files="1" classes="1"/>
    <file name="FooterNav.vue" path="/home/jon/lighthouse/projects/traderu/client/src/components/footer_nav/FooterNav.vue">
      <metrics statements="7" coveredstatements="4" conditionals="6" coveredconditionals="1" methods="2" coveredmethods="2"/>
      <line num="39" count="1" type="stmt"/>
      <line num="48" count="2" type="stmt"/>
      <line num="51" count="2" type="stmt"/>
      <line num="52" count="4" type="cond" truecount="1" falsecount="1"/>
      <line num="53" count="0" type="cond" truecount="0" falsecount="2"/>
      <line num="54" count="0" type="cond" truecount="0" falsecount="2"/>
      <line num="55" count="0" type="stmt"/>
    </file>
  </project>
</coverage>
