{"C:\\Users\\bryce\\Documents\\repos\\traderu\\server\\src\\app.ts": {"path":"C:\\Users\\bryce\\Documents\\repos\\traderu\\server\\src\\app.ts","statementMap":{"0":{"start":{"line":1,"column":0},"end":{"line":1,"column":27}},"1":{"start":{"line":2,"column":0},"end":{"line":2,"column":62}},"2":{"start":{"line":3,"column":0},"end":{"line":3,"column":33}},"3":{"start":{"line":4,"column":0},"end":{"line":4,"column":53}},"4":{"start":{"line":5,"column":13},"end":{"line":5,"column":28}},"5":{"start":{"line":6,"column":21},"end":{"line":6,"column":30}},"6":{"start":{"line":9,"column":12},"end":{"line":9,"column":49}},"7":{"start":{"line":10,"column":0},"end":{"line":10,"column":41}},"8":{"start":{"line":13,"column":0},"end":{"line":13,"column":16}},"9":{"start":{"line":14,"column":0},"end":{"line":14,"column":25}},"10":{"start":{"line":15,"column":0},"end":{"line":15,"column":26}},"11":{"start":{"line":16,"column":0},"end":{"line":16,"column":41}},"12":{"start":{"line":20,"column":0},"end":{"line":20,"column":55}},"13":{"start":{"line":21,"column":0},"end":{"line":21,"column":49}},"14":{"start":{"line":22,"column":0},"end":{"line":22,"column":63}},"15":{"start":{"line":23,"column":0},"end":{"line":23,"column":51}},"16":{"start":{"line":24,"column":0},"end":{"line":24,"column":53}},"17":{"start":{"line":25,"column":0},"end":{"line":25,"column":61}},"18":{"start":{"line":26,"column":0},"end":{"line":26,"column":59}},"19":{"start":{"line":29,"column":0},"end":{"line":29,"column":24}},"20":{"start":{"line":30,"column":0},"end":{"line":30,"column":43}},"21":{"start":{"line":41,"column":0},"end":{"line":43,"column":3}},"22":{"start":{"line":42,"column":1},"end":{"line":42,"column":42}},"23":{"start":{"line":52,"column":0},"end":{"line":54,"column":3}},"24":{"start":{"line":53,"column":1},"end":{"line":53,"column":19}},"25":{"start":{"line":56,"column":0},"end":{"line":56,"column":19}}},"fnMap":{"0":{"name":"(anonymous_0)","decl":{"start":{"line":41,"column":13},"end":{"line":41,"column":14}},"loc":{"start":{"line":41,"column":43},"end":{"line":43,"column":1}}},"1":{"name":"(anonymous_1)","decl":{"start":{"line":52,"column":14},"end":{"line":52,"column":15}},"loc":{"start":{"line":52,"column":44},"end":{"line":54,"column":1}}}},"branchMap":{"0":{"loc":{"start":{"line":9,"column":12},"end":{"line":9,"column":33}},"type":"binary-expr","locations":[{"start":{"line":9,"column":12},"end":{"line":9,"column":33}},{"start":{"line":9,"column":37},"end":{"line":9,"column":49}}]}},"s":{"0":1,"1":1,"2":1,"3":1,"4":1,"5":1,"6":1,"7":1,"8":1,"9":1,"10":1,"11":1,"12":1,"13":1,"14":1,"15":1,"16":1,"17":1,"18":1,"19":1,"20":1,"21":1,"22":1,"23":1,"24":0,"25":1},"f":{"0":1,"1":0},"b":{"0":[1,0]}}
,"C:\\Users\\bryce\\Documents\\repos\\traderu\\server\\src\\db\\index.ts": {"path":"C:\\Users\\bryce\\Documents\\repos\\traderu\\server\\src\\db\\index.ts","statementMap":{"0":{"start":{"line":8,"column":0},"end":{"line":8,"column":27}},"1":{"start":{"line":9,"column":17},"end":{"line":9,"column":30}},"2":{"start":{"line":10,"column":25},"end":{"line":10,"column":116}},"3":{"start":{"line":11,"column":13},"end":{"line":11,"column":43}},"4":{"start":{"line":13,"column":0},"end":{"line":23,"column":2}},"5":{"start":{"line":22,"column":42},"end":{"line":22,"column":66}}},"fnMap":{"0":{"name":"(anonymous_0)","decl":{"start":{"line":22,"column":8},"end":{"line":22,"column":9}},"loc":{"start":{"line":22,"column":42},"end":{"line":22,"column":66}}}},"branchMap":{"0":{"loc":{"start":{"line":10,"column":60},"end":{"line":10,"column":89}},"type":"cond-expr","locations":[{"start":{"line":10,"column":60},"end":{"line":10,"column":89}},{"start":{"line":10,"column":92},"end":{"line":10,"column":116}}]}},"s":{"0":1,"1":1,"2":1,"3":1,"4":1,"5":0},"f":{"0":0},"b":{"0":[1,0]}}
,"C:\\Users\\bryce\\Documents\\repos\\traderu\\server\\src\\db\\inserts\\createCryptoTransaction.ts": {"path":"C:\\Users\\bryce\\Documents\\repos\\traderu\\server\\src\\db\\inserts\\createCryptoTransaction.ts","statementMap":{"0":{"start":{"line":2,"column":0},"end":{"line":2,"column":26}},"1":{"start":{"line":4,"column":32},"end":{"line":113,"column":1}},"2":{"start":{"line":15,"column":1},"end":{"line":41,"column":null}},"3":{"start":{"line":16,"column":24},"end":{"line":21,"column":null}},"4":{"start":{"line":24,"column":2},"end":{"line":25,"column":46}},"5":{"start":{"line":25,"column":3},"end":{"line":25,"column":46}},"6":{"start":{"line":26,"column":8},"end":{"line":41,"column":null}},"7":{"start":{"line":27,"column":26},"end":{"line":32,"column":null}},"8":{"start":{"line":36,"column":2},"end":{"line":40,"column":57}},"9":{"start":{"line":40,"column":3},"end":{"line":40,"column":57}},"10":{"start":{"line":46,"column":1},"end":{"line":112,"column":5}},"11":{"start":{"line":62,"column":3},"end":{"line":62,"column":62}},"12":{"start":{"line":63,"column":3},"end":{"line":63,"column":13}},"13":{"start":{"line":66,"column":3},"end":{"line":66,"column":22}},"14":{"start":{"line":69,"column":4},"end":{"line":71,"column":28}},"15":{"start":{"line":72,"column":3},"end":{"line":81,"column":5}},"16":{"start":{"line":84,"column":3},"end":{"line":86,"column":5}},"17":{"start":{"line":87,"column":3},"end":{"line":87,"column":13}},"18":{"start":{"line":90,"column":3},"end":{"line":90,"column":26}},"19":{"start":{"line":92,"column":4},"end":{"line":94,"column":32}},"20":{"start":{"line":95,"column":3},"end":{"line":106,"column":5}},"21":{"start":{"line":109,"column":3},"end":{"line":110,"column":49}},"22":{"start":{"line":111,"column":3},"end":{"line":111,"column":13}},"23":{"start":{"line":115,"column":0},"end":{"line":115,"column":39}}},"fnMap":{"0":{"name":"(anonymous_0)","decl":{"start":{"line":4,"column":32},"end":{"line":4,"column":37}},"loc":{"start":{"line":7,"column":4},"end":{"line":113,"column":1}}},"1":{"name":"(anonymous_1)","decl":{"start":{"line":61,"column":9},"end":{"line":61,"column":10}},"loc":{"start":{"line":61,"column":24},"end":{"line":64,"column":3}}},"2":{"name":"(anonymous_2)","decl":{"start":{"line":65,"column":8},"end":{"line":65,"column":9}},"loc":{"start":{"line":65,"column":23},"end":{"line":82,"column":3}}},"3":{"name":"(anonymous_3)","decl":{"start":{"line":83,"column":9},"end":{"line":83,"column":10}},"loc":{"start":{"line":83,"column":24},"end":{"line":88,"column":3}}},"4":{"name":"(anonymous_4)","decl":{"start":{"line":89,"column":8},"end":{"line":89,"column":9}},"loc":{"start":{"line":89,"column":23},"end":{"line":107,"column":3}}},"5":{"name":"(anonymous_5)","decl":{"start":{"line":108,"column":9},"end":{"line":108,"column":10}},"loc":{"start":{"line":108,"column":24},"end":{"line":112,"column":3}}}},"branchMap":{"0":{"loc":{"start":{"line":15,"column":1},"end":{"line":41,"column":null}},"type":"if","locations":[{"start":{"line":15,"column":1},"end":{"line":41,"column":null}},{"start":{"line":15,"column":1},"end":{"line":41,"column":null}}]},"1":{"loc":{"start":{"line":24,"column":2},"end":{"line":25,"column":46}},"type":"if","locations":[{"start":{"line":24,"column":2},"end":{"line":25,"column":46}},{"start":{"line":24,"column":2},"end":{"line":25,"column":46}}]},"2":{"loc":{"start":{"line":26,"column":8},"end":{"line":41,"column":null}},"type":"if","locations":[{"start":{"line":26,"column":8},"end":{"line":41,"column":null}},{"start":{"line":26,"column":8},"end":{"line":41,"column":null}}]},"3":{"loc":{"start":{"line":36,"column":2},"end":{"line":40,"column":57}},"type":"if","locations":[{"start":{"line":36,"column":2},"end":{"line":40,"column":57}},{"start":{"line":36,"column":2},"end":{"line":40,"column":57}}]},"4":{"loc":{"start":{"line":37,"column":3},"end":{"line":37,"column":27}},"type":"binary-expr","locations":[{"start":{"line":37,"column":3},"end":{"line":37,"column":27}},{"start":{"line":38,"column":3},"end":{"line":38,"column":58}}]},"5":{"loc":{"start":{"line":70,"column":7},"end":{"line":70,"column":27}},"type":"cond-expr","locations":[{"start":{"line":70,"column":7},"end":{"line":70,"column":27}},{"start":{"line":71,"column":7},"end":{"line":71,"column":28}}]},"6":{"loc":{"start":{"line":93,"column":7},"end":{"line":93,"column":33}},"type":"cond-expr","locations":[{"start":{"line":93,"column":7},"end":{"line":93,"column":33}},{"start":{"line":94,"column":7},"end":{"line":94,"column":32}}]}},"s":{"0":1,"1":1,"2":0,"3":0,"4":0,"5":0,"6":0,"7":0,"8":0,"9":0,"10":0,"11":0,"12":0,"13":0,"14":0,"15":0,"16":0,"17":0,"18":0,"19":0,"20":0,"21":0,"22":0,"23":1},"f":{"0":0,"1":0,"2":0,"3":0,"4":0,"5":0},"b":{"0":[0,0],"1":[0,0],"2":[0,0],"3":[0,0],"4":[0,0],"5":[0,0],"6":[0,0]}}
,"C:\\Users\\bryce\\Documents\\repos\\traderu\\server\\src\\db\\inserts\\createPortfolio.ts": {"path":"C:\\Users\\bryce\\Documents\\repos\\traderu\\server\\src\\db\\inserts\\createPortfolio.ts","statementMap":{"0":{"start":{"line":1,"column":0},"end":{"line":1,"column":26}},"1":{"start":{"line":4,"column":24},"end":{"line":17,"column":4}},"2":{"start":{"line":5,"column":1},"end":{"line":17,"column":4}},"3":{"start":{"line":14,"column":39},"end":{"line":14,"column":59}},"4":{"start":{"line":16,"column":3},"end":{"line":16,"column":13}},"5":{"start":{"line":19,"column":0},"end":{"line":19,"column":31}}},"fnMap":{"0":{"name":"(anonymous_0)","decl":{"start":{"line":4,"column":24},"end":{"line":4,"column":25}},"loc":{"start":{"line":5,"column":1},"end":{"line":17,"column":4}}},"1":{"name":"(anonymous_1)","decl":{"start":{"line":14,"column":8},"end":{"line":14,"column":9}},"loc":{"start":{"line":14,"column":39},"end":{"line":14,"column":59}}},"2":{"name":"(anonymous_2)","decl":{"start":{"line":15,"column":9},"end":{"line":15,"column":10}},"loc":{"start":{"line":15,"column":24},"end":{"line":17,"column":3}}}},"branchMap":{},"s":{"0":1,"1":1,"2":0,"3":0,"4":0,"5":1},"f":{"0":0,"1":0,"2":0},"b":{}}
,"C:\\Users\\bryce\\Documents\\repos\\traderu\\server\\src\\db\\inserts\\createPortfolioHistory.ts": {"path":"C:\\Users\\bryce\\Documents\\repos\\traderu\\server\\src\\db\\inserts\\createPortfolioHistory.ts","statementMap":{"0":{"start":{"line":1,"column":0},"end":{"line":1,"column":26}},"1":{"start":{"line":3,"column":31},"end":{"line":14,"column":4}},"2":{"start":{"line":4,"column":1},"end":{"line":14,"column":4}},"3":{"start":{"line":13,"column":3},"end":{"line":13,"column":13}},"4":{"start":{"line":16,"column":0},"end":{"line":16,"column":38}}},"fnMap":{"0":{"name":"(anonymous_0)","decl":{"start":{"line":3,"column":31},"end":{"line":3,"column":32}},"loc":{"start":{"line":4,"column":1},"end":{"line":14,"column":4}}},"1":{"name":"(anonymous_1)","decl":{"start":{"line":12,"column":9},"end":{"line":12,"column":10}},"loc":{"start":{"line":12,"column":24},"end":{"line":14,"column":3}}}},"branchMap":{},"s":{"0":1,"1":1,"2":0,"3":0,"4":1},"f":{"0":0,"1":0},"b":{}}
,"C:\\Users\\bryce\\Documents\\repos\\traderu\\server\\src\\db\\inserts\\createStockTransaction.ts": {"path":"C:\\Users\\bryce\\Documents\\repos\\traderu\\server\\src\\db\\inserts\\createStockTransaction.ts","statementMap":{"0":{"start":{"line":2,"column":0},"end":{"line":2,"column":26}},"1":{"start":{"line":4,"column":31},"end":{"line":113,"column":1}},"2":{"start":{"line":15,"column":1},"end":{"line":41,"column":null}},"3":{"start":{"line":16,"column":24},"end":{"line":21,"column":null}},"4":{"start":{"line":24,"column":2},"end":{"line":25,"column":46}},"5":{"start":{"line":25,"column":3},"end":{"line":25,"column":46}},"6":{"start":{"line":26,"column":8},"end":{"line":41,"column":null}},"7":{"start":{"line":27,"column":25},"end":{"line":32,"column":null}},"8":{"start":{"line":36,"column":2},"end":{"line":40,"column":57}},"9":{"start":{"line":40,"column":3},"end":{"line":40,"column":57}},"10":{"start":{"line":46,"column":1},"end":{"line":112,"column":5}},"11":{"start":{"line":62,"column":3},"end":{"line":62,"column":62}},"12":{"start":{"line":63,"column":3},"end":{"line":63,"column":13}},"13":{"start":{"line":66,"column":3},"end":{"line":66,"column":22}},"14":{"start":{"line":69,"column":4},"end":{"line":71,"column":28}},"15":{"start":{"line":72,"column":3},"end":{"line":81,"column":5}},"16":{"start":{"line":84,"column":3},"end":{"line":86,"column":5}},"17":{"start":{"line":87,"column":3},"end":{"line":87,"column":13}},"18":{"start":{"line":90,"column":3},"end":{"line":90,"column":25}},"19":{"start":{"line":92,"column":4},"end":{"line":94,"column":32}},"20":{"start":{"line":95,"column":3},"end":{"line":106,"column":5}},"21":{"start":{"line":109,"column":3},"end":{"line":110,"column":47}},"22":{"start":{"line":111,"column":3},"end":{"line":111,"column":13}},"23":{"start":{"line":114,"column":0},"end":{"line":114,"column":38}}},"fnMap":{"0":{"name":"(anonymous_0)","decl":{"start":{"line":4,"column":31},"end":{"line":4,"column":36}},"loc":{"start":{"line":7,"column":4},"end":{"line":113,"column":1}}},"1":{"name":"(anonymous_1)","decl":{"start":{"line":61,"column":9},"end":{"line":61,"column":10}},"loc":{"start":{"line":61,"column":24},"end":{"line":64,"column":3}}},"2":{"name":"(anonymous_2)","decl":{"start":{"line":65,"column":8},"end":{"line":65,"column":9}},"loc":{"start":{"line":65,"column":23},"end":{"line":82,"column":3}}},"3":{"name":"(anonymous_3)","decl":{"start":{"line":83,"column":9},"end":{"line":83,"column":10}},"loc":{"start":{"line":83,"column":24},"end":{"line":88,"column":3}}},"4":{"name":"(anonymous_4)","decl":{"start":{"line":89,"column":8},"end":{"line":89,"column":9}},"loc":{"start":{"line":89,"column":23},"end":{"line":107,"column":3}}},"5":{"name":"(anonymous_5)","decl":{"start":{"line":108,"column":9},"end":{"line":108,"column":10}},"loc":{"start":{"line":108,"column":24},"end":{"line":112,"column":3}}}},"branchMap":{"0":{"loc":{"start":{"line":15,"column":1},"end":{"line":41,"column":null}},"type":"if","locations":[{"start":{"line":15,"column":1},"end":{"line":41,"column":null}},{"start":{"line":15,"column":1},"end":{"line":41,"column":null}}]},"1":{"loc":{"start":{"line":24,"column":2},"end":{"line":25,"column":46}},"type":"if","locations":[{"start":{"line":24,"column":2},"end":{"line":25,"column":46}},{"start":{"line":24,"column":2},"end":{"line":25,"column":46}}]},"2":{"loc":{"start":{"line":26,"column":8},"end":{"line":41,"column":null}},"type":"if","locations":[{"start":{"line":26,"column":8},"end":{"line":41,"column":null}},{"start":{"line":26,"column":8},"end":{"line":41,"column":null}}]},"3":{"loc":{"start":{"line":36,"column":2},"end":{"line":40,"column":57}},"type":"if","locations":[{"start":{"line":36,"column":2},"end":{"line":40,"column":57}},{"start":{"line":36,"column":2},"end":{"line":40,"column":57}}]},"4":{"loc":{"start":{"line":37,"column":3},"end":{"line":37,"column":26}},"type":"binary-expr","locations":[{"start":{"line":37,"column":3},"end":{"line":37,"column":26}},{"start":{"line":38,"column":3},"end":{"line":38,"column":57}}]},"5":{"loc":{"start":{"line":70,"column":7},"end":{"line":70,"column":27}},"type":"cond-expr","locations":[{"start":{"line":70,"column":7},"end":{"line":70,"column":27}},{"start":{"line":71,"column":7},"end":{"line":71,"column":28}}]},"6":{"loc":{"start":{"line":93,"column":7},"end":{"line":93,"column":33}},"type":"cond-expr","locations":[{"start":{"line":93,"column":7},"end":{"line":93,"column":33}},{"start":{"line":94,"column":7},"end":{"line":94,"column":32}}]}},"s":{"0":1,"1":1,"2":0,"3":0,"4":0,"5":0,"6":0,"7":0,"8":0,"9":0,"10":0,"11":0,"12":0,"13":0,"14":0,"15":0,"16":0,"17":0,"18":0,"19":0,"20":0,"21":0,"22":0,"23":1},"f":{"0":0,"1":0,"2":0,"3":0,"4":0,"5":0},"b":{"0":[0,0],"1":[0,0],"2":[0,0],"3":[0,0],"4":[0,0],"5":[0,0],"6":[0,0]}}
,"C:\\Users\\bryce\\Documents\\repos\\traderu\\server\\src\\db\\inserts\\createUser.ts": {"path":"C:\\Users\\bryce\\Documents\\repos\\traderu\\server\\src\\db\\inserts\\createUser.ts","statementMap":{"0":{"start":{"line":2,"column":0},"end":{"line":2,"column":26}},"1":{"start":{"line":5,"column":19},"end":{"line":24,"column":4}},"2":{"start":{"line":12,"column":1},"end":{"line":24,"column":4}},"3":{"start":{"line":21,"column":34},"end":{"line":21,"column":49}},"4":{"start":{"line":23,"column":3},"end":{"line":23,"column":13}},"5":{"start":{"line":26,"column":0},"end":{"line":26,"column":26}}},"fnMap":{"0":{"name":"(anonymous_0)","decl":{"start":{"line":5,"column":19},"end":{"line":5,"column":null}},"loc":{"start":{"line":12,"column":1},"end":{"line":24,"column":4}}},"1":{"name":"(anonymous_1)","decl":{"start":{"line":21,"column":8},"end":{"line":21,"column":9}},"loc":{"start":{"line":21,"column":34},"end":{"line":21,"column":49}}},"2":{"name":"(anonymous_2)","decl":{"start":{"line":22,"column":9},"end":{"line":22,"column":10}},"loc":{"start":{"line":22,"column":24},"end":{"line":24,"column":3}}}},"branchMap":{"0":{"loc":{"start":{"line":10,"column":23},"end":{"line":10,"column":68}},"type":"default-arg","locations":[{"start":{"line":10,"column":23},"end":{"line":10,"column":68}}]}},"s":{"0":1,"1":1,"2":0,"3":0,"4":0,"5":1},"f":{"0":0,"1":0,"2":0},"b":{"0":[0]}}
,"C:\\Users\\bryce\\Documents\\repos\\traderu\\server\\src\\db\\selects\\getAllCryptos.ts": {"path":"C:\\Users\\bryce\\Documents\\repos\\traderu\\server\\src\\db\\selects\\getAllCryptos.ts","statementMap":{"0":{"start":{"line":1,"column":0},"end":{"line":1,"column":26}},"1":{"start":{"line":3,"column":22},"end":{"line":11,"column":1}},"2":{"start":{"line":4,"column":1},"end":{"line":10,"column":7}},"3":{"start":{"line":13,"column":0},"end":{"line":13,"column":29}}},"fnMap":{"0":{"name":"(anonymous_0)","decl":{"start":{"line":3,"column":22},"end":{"line":3,"column":25}},"loc":{"start":{"line":3,"column":27},"end":{"line":11,"column":1}}}},"branchMap":{},"s":{"0":1,"1":1,"2":0,"3":1},"f":{"0":0},"b":{}}
,"C:\\Users\\bryce\\Documents\\repos\\traderu\\server\\src\\db\\selects\\getAllRankings.ts": {"path":"C:\\Users\\bryce\\Documents\\repos\\traderu\\server\\src\\db\\selects\\getAllRankings.ts","statementMap":{"0":{"start":{"line":1,"column":0},"end":{"line":1,"column":26}},"1":{"start":{"line":3,"column":23},"end":{"line":21,"column":1}},"2":{"start":{"line":4,"column":1},"end":{"line":20,"column":17}},"3":{"start":{"line":23,"column":0},"end":{"line":23,"column":30}}},"fnMap":{"0":{"name":"(anonymous_0)","decl":{"start":{"line":3,"column":23},"end":{"line":3,"column":26}},"loc":{"start":{"line":3,"column":28},"end":{"line":21,"column":1}}}},"branchMap":{},"s":{"0":1,"1":1,"2":0,"3":1},"f":{"0":0},"b":{}}
,"C:\\Users\\bryce\\Documents\\repos\\traderu\\server\\src\\db\\selects\\getAllStocks.ts": {"path":"C:\\Users\\bryce\\Documents\\repos\\traderu\\server\\src\\db\\selects\\getAllStocks.ts","statementMap":{"0":{"start":{"line":1,"column":0},"end":{"line":1,"column":26}},"1":{"start":{"line":3,"column":21},"end":{"line":12,"column":1}},"2":{"start":{"line":4,"column":2},"end":{"line":11,"column":null}},"3":{"start":{"line":14,"column":0},"end":{"line":14,"column":28}}},"fnMap":{"0":{"name":"(anonymous_0)","decl":{"start":{"line":3,"column":21},"end":{"line":3,"column":24}},"loc":{"start":{"line":3,"column":26},"end":{"line":12,"column":1}}}},"branchMap":{},"s":{"0":1,"1":1,"2":0,"3":1},"f":{"0":0},"b":{}}
,"C:\\Users\\bryce\\Documents\\repos\\traderu\\server\\src\\db\\selects\\getCrypto.ts": {"path":"C:\\Users\\bryce\\Documents\\repos\\traderu\\server\\src\\db\\selects\\getCrypto.ts","statementMap":{"0":{"start":{"line":1,"column":0},"end":{"line":1,"column":26}},"1":{"start":{"line":4,"column":1},"end":{"line":14,"column":3}},"2":{"start":{"line":3,"column":0},"end":{"line":3,"column":16}},"3":{"start":{"line":18,"column":1},"end":{"line":28,"column":3}},"4":{"start":{"line":17,"column":0},"end":{"line":17,"column":16}}},"fnMap":{"0":{"name":"getCryptoDaily","decl":{"start":{"line":3,"column":16},"end":{"line":3,"column":30}},"loc":{"start":{"line":3,"column":45},"end":{"line":15,"column":1}}},"1":{"name":"getCryptoWeekly","decl":{"start":{"line":17,"column":16},"end":{"line":17,"column":31}},"loc":{"start":{"line":17,"column":46},"end":{"line":29,"column":1}}}},"branchMap":{},"s":{"0":1,"1":0,"2":1,"3":0,"4":1},"f":{"0":0,"1":0},"b":{}}
,"C:\\Users\\bryce\\Documents\\repos\\traderu\\server\\src\\db\\selects\\getCryptoIdBySymbol.ts": {"path":"C:\\Users\\bryce\\Documents\\repos\\traderu\\server\\src\\db\\selects\\getCryptoIdBySymbol.ts","statementMap":{"0":{"start":{"line":1,"column":0},"end":{"line":1,"column":26}},"1":{"start":{"line":4,"column":28},"end":{"line":17,"column":4}},"2":{"start":{"line":5,"column":1},"end":{"line":17,"column":4}},"3":{"start":{"line":13,"column":3},"end":{"line":13,"column":58}},"4":{"start":{"line":16,"column":3},"end":{"line":16,"column":13}},"5":{"start":{"line":19,"column":0},"end":{"line":19,"column":35}}},"fnMap":{"0":{"name":"(anonymous_0)","decl":{"start":{"line":4,"column":28},"end":{"line":4,"column":29}},"loc":{"start":{"line":5,"column":1},"end":{"line":17,"column":4}}},"1":{"name":"(anonymous_1)","decl":{"start":{"line":12,"column":8},"end":{"line":12,"column":9}},"loc":{"start":{"line":13,"column":3},"end":{"line":13,"column":58}}},"2":{"name":"(anonymous_2)","decl":{"start":{"line":15,"column":9},"end":{"line":15,"column":10}},"loc":{"start":{"line":15,"column":24},"end":{"line":17,"column":3}}}},"branchMap":{"0":{"loc":{"start":{"line":13,"column":31},"end":{"line":13,"column":51}},"type":"cond-expr","locations":[{"start":{"line":13,"column":31},"end":{"line":13,"column":51}},{"start":{"line":13,"column":54},"end":{"line":13,"column":58}}]}},"s":{"0":1,"1":1,"2":0,"3":0,"4":0,"5":1},"f":{"0":0,"1":0,"2":0},"b":{"0":[0,0]}}
,"C:\\Users\\bryce\\Documents\\repos\\traderu\\server\\src\\db\\selects\\getLocalRankings.ts": {"path":"C:\\Users\\bryce\\Documents\\repos\\traderu\\server\\src\\db\\selects\\getLocalRankings.ts","statementMap":{"0":{"start":{"line":1,"column":0},"end":{"line":1,"column":26}},"1":{"start":{"line":4,"column":25},"end":{"line":57,"column":null}},"2":{"start":{"line":5,"column":1},"end":{"line":57,"column":null}},"3":{"start":{"line":60,"column":0},"end":{"line":60,"column":32}}},"fnMap":{"0":{"name":"(anonymous_0)","decl":{"start":{"line":4,"column":25},"end":{"line":4,"column":26}},"loc":{"start":{"line":5,"column":1},"end":{"line":57,"column":null}}}},"branchMap":{},"s":{"0":1,"1":1,"2":0,"3":1},"f":{"0":0},"b":{}}
,"C:\\Users\\bryce\\Documents\\repos\\traderu\\server\\src\\db\\selects\\getPortfoliosByUserId.ts": {"path":"C:\\Users\\bryce\\Documents\\repos\\traderu\\server\\src\\db\\selects\\getPortfoliosByUserId.ts","statementMap":{"0":{"start":{"line":1,"column":0},"end":{"line":1,"column":26}},"1":{"start":{"line":4,"column":30},"end":{"line":49,"column":4}},"2":{"start":{"line":5,"column":1},"end":{"line":49,"column":4}},"3":{"start":{"line":46,"column":40},"end":{"line":46,"column":58}},"4":{"start":{"line":48,"column":3},"end":{"line":48,"column":13}},"5":{"start":{"line":51,"column":0},"end":{"line":51,"column":37}}},"fnMap":{"0":{"name":"(anonymous_0)","decl":{"start":{"line":4,"column":30},"end":{"line":4,"column":31}},"loc":{"start":{"line":5,"column":1},"end":{"line":49,"column":4}}},"1":{"name":"(anonymous_1)","decl":{"start":{"line":46,"column":8},"end":{"line":46,"column":9}},"loc":{"start":{"line":46,"column":40},"end":{"line":46,"column":58}}},"2":{"name":"(anonymous_2)","decl":{"start":{"line":47,"column":9},"end":{"line":47,"column":10}},"loc":{"start":{"line":47,"column":24},"end":{"line":49,"column":3}}}},"branchMap":{},"s":{"0":1,"1":1,"2":0,"3":0,"4":0,"5":1},"f":{"0":0,"1":0,"2":0},"b":{}}
,"C:\\Users\\bryce\\Documents\\repos\\traderu\\server\\src\\db\\selects\\getStock.ts": {"path":"C:\\Users\\bryce\\Documents\\repos\\traderu\\server\\src\\db\\selects\\getStock.ts","statementMap":{"0":{"start":{"line":1,"column":0},"end":{"line":1,"column":26}},"1":{"start":{"line":4,"column":1},"end":{"line":14,"column":3}},"2":{"start":{"line":3,"column":0},"end":{"line":3,"column":16}},"3":{"start":{"line":17,"column":1},"end":{"line":27,"column":3}},"4":{"start":{"line":16,"column":0},"end":{"line":16,"column":16}},"5":{"start":{"line":30,"column":1},"end":{"line":40,"column":3}},"6":{"start":{"line":29,"column":0},"end":{"line":29,"column":16}}},"fnMap":{"0":{"name":"getStockIntraday","decl":{"start":{"line":3,"column":16},"end":{"line":3,"column":32}},"loc":{"start":{"line":3,"column":47},"end":{"line":15,"column":1}}},"1":{"name":"getStockDaily","decl":{"start":{"line":16,"column":16},"end":{"line":16,"column":29}},"loc":{"start":{"line":16,"column":44},"end":{"line":28,"column":1}}},"2":{"name":"getStockWeekly","decl":{"start":{"line":29,"column":16},"end":{"line":29,"column":30}},"loc":{"start":{"line":29,"column":45},"end":{"line":41,"column":1}}}},"branchMap":{},"s":{"0":1,"1":0,"2":1,"3":0,"4":1,"5":0,"6":1},"f":{"0":0,"1":0,"2":0},"b":{}}
,"C:\\Users\\bryce\\Documents\\repos\\traderu\\server\\src\\db\\selects\\getStockIdBySymbol.ts": {"path":"C:\\Users\\bryce\\Documents\\repos\\traderu\\server\\src\\db\\selects\\getStockIdBySymbol.ts","statementMap":{"0":{"start":{"line":1,"column":0},"end":{"line":1,"column":26}},"1":{"start":{"line":4,"column":27},"end":{"line":17,"column":4}},"2":{"start":{"line":5,"column":1},"end":{"line":17,"column":4}},"3":{"start":{"line":13,"column":3},"end":{"line":13,"column":56}},"4":{"start":{"line":16,"column":3},"end":{"line":16,"column":13}},"5":{"start":{"line":19,"column":0},"end":{"line":19,"column":34}}},"fnMap":{"0":{"name":"(anonymous_0)","decl":{"start":{"line":4,"column":27},"end":{"line":4,"column":28}},"loc":{"start":{"line":5,"column":1},"end":{"line":17,"column":4}}},"1":{"name":"(anonymous_1)","decl":{"start":{"line":12,"column":8},"end":{"line":12,"column":9}},"loc":{"start":{"line":13,"column":3},"end":{"line":13,"column":56}}},"2":{"name":"(anonymous_2)","decl":{"start":{"line":15,"column":9},"end":{"line":15,"column":10}},"loc":{"start":{"line":15,"column":24},"end":{"line":17,"column":3}}}},"branchMap":{"0":{"loc":{"start":{"line":13,"column":30},"end":{"line":13,"column":49}},"type":"cond-expr","locations":[{"start":{"line":13,"column":30},"end":{"line":13,"column":49}},{"start":{"line":13,"column":52},"end":{"line":13,"column":56}}]}},"s":{"0":1,"1":1,"2":0,"3":0,"4":0,"5":1},"f":{"0":0,"1":0,"2":0},"b":{"0":[0,0]}}
,"C:\\Users\\bryce\\Documents\\repos\\traderu\\server\\src\\db\\selects\\getUserByEmail.ts": {"path":"C:\\Users\\bryce\\Documents\\repos\\traderu\\server\\src\\db\\selects\\getUserByEmail.ts","statementMap":{"0":{"start":{"line":1,"column":0},"end":{"line":1,"column":26}},"1":{"start":{"line":4,"column":23},"end":{"line":15,"column":4}},"2":{"start":{"line":5,"column":1},"end":{"line":15,"column":4}},"3":{"start":{"line":12,"column":34},"end":{"line":12,"column":49}},"4":{"start":{"line":14,"column":3},"end":{"line":14,"column":13}},"5":{"start":{"line":17,"column":0},"end":{"line":17,"column":30}}},"fnMap":{"0":{"name":"(anonymous_0)","decl":{"start":{"line":4,"column":23},"end":{"line":4,"column":24}},"loc":{"start":{"line":5,"column":1},"end":{"line":15,"column":4}}},"1":{"name":"(anonymous_1)","decl":{"start":{"line":12,"column":8},"end":{"line":12,"column":9}},"loc":{"start":{"line":12,"column":34},"end":{"line":12,"column":49}}},"2":{"name":"(anonymous_2)","decl":{"start":{"line":13,"column":9},"end":{"line":13,"column":10}},"loc":{"start":{"line":13,"column":24},"end":{"line":15,"column":3}}}},"branchMap":{},"s":{"0":1,"1":1,"2":0,"3":0,"4":0,"5":1},"f":{"0":0,"1":0,"2":0},"b":{}}
,"C:\\Users\\bryce\\Documents\\repos\\traderu\\server\\src\\db\\selects\\getUserById.ts": {"path":"C:\\Users\\bryce\\Documents\\repos\\traderu\\server\\src\\db\\selects\\getUserById.ts","statementMap":{"0":{"start":{"line":1,"column":0},"end":{"line":1,"column":26}},"1":{"start":{"line":4,"column":20},"end":{"line":15,"column":4}},"2":{"start":{"line":5,"column":1},"end":{"line":15,"column":4}},"3":{"start":{"line":12,"column":34},"end":{"line":12,"column":49}},"4":{"start":{"line":14,"column":3},"end":{"line":14,"column":13}},"5":{"start":{"line":17,"column":0},"end":{"line":17,"column":27}}},"fnMap":{"0":{"name":"(anonymous_0)","decl":{"start":{"line":4,"column":20},"end":{"line":4,"column":21}},"loc":{"start":{"line":5,"column":1},"end":{"line":15,"column":4}}},"1":{"name":"(anonymous_1)","decl":{"start":{"line":12,"column":8},"end":{"line":12,"column":9}},"loc":{"start":{"line":12,"column":34},"end":{"line":12,"column":49}}},"2":{"name":"(anonymous_2)","decl":{"start":{"line":13,"column":9},"end":{"line":13,"column":10}},"loc":{"start":{"line":13,"column":24},"end":{"line":15,"column":3}}}},"branchMap":{},"s":{"0":1,"1":1,"2":0,"3":0,"4":0,"5":1},"f":{"0":0,"1":0,"2":0},"b":{}}
,"C:\\Users\\bryce\\Documents\\repos\\traderu\\server\\src\\db\\updates\\deletePortfolio.ts": {"path":"C:\\Users\\bryce\\Documents\\repos\\traderu\\server\\src\\db\\updates\\deletePortfolio.ts","statementMap":{"0":{"start":{"line":1,"column":0},"end":{"line":1,"column":26}},"1":{"start":{"line":3,"column":24},"end":{"line":23,"column":1}},"2":{"start":{"line":7,"column":1},"end":{"line":22,"column":5}},"3":{"start":{"line":19,"column":14},"end":{"line":19,"column":46}},"4":{"start":{"line":21,"column":3},"end":{"line":21,"column":13}},"5":{"start":{"line":25,"column":0},"end":{"line":25,"column":31}}},"fnMap":{"0":{"name":"(anonymous_0)","decl":{"start":{"line":3,"column":24},"end":{"line":3,"column":null}},"loc":{"start":{"line":6,"column":4},"end":{"line":23,"column":1}}},"1":{"name":"(anonymous_1)","decl":{"start":{"line":19,"column":8},"end":{"line":19,"column":11}},"loc":{"start":{"line":19,"column":14},"end":{"line":19,"column":46}}},"2":{"name":"(anonymous_2)","decl":{"start":{"line":20,"column":9},"end":{"line":20,"column":10}},"loc":{"start":{"line":20,"column":24},"end":{"line":22,"column":3}}}},"branchMap":{},"s":{"0":1,"1":1,"2":0,"3":0,"4":0,"5":1},"f":{"0":0,"1":0,"2":0},"b":{}}
,"C:\\Users\\bryce\\Documents\\repos\\traderu\\server\\src\\middleware\\auth.ts": {"path":"C:\\Users\\bryce\\Documents\\repos\\traderu\\server\\src\\middleware\\auth.ts","statementMap":{"0":{"start":{"line":1,"column":12},"end":{"line":1,"column":35}},"1":{"start":{"line":2,"column":0},"end":{"line":2,"column":27}},"2":{"start":{"line":6,"column":13},"end":{"line":25,"column":1}},"3":{"start":{"line":8,"column":15},"end":{"line":8,"column":41}},"4":{"start":{"line":10,"column":1},"end":{"line":14,"column":null}},"5":{"start":{"line":11,"column":2},"end":{"line":13,"column":70}},"6":{"start":{"line":16,"column":1},"end":{"line":24,"column":null}},"7":{"start":{"line":18,"column":18},"end":{"line":18,"column":59}},"8":{"start":{"line":20,"column":2},"end":{"line":20,"column":26}},"9":{"start":{"line":21,"column":2},"end":{"line":21,"column":9}},"10":{"start":{"line":23,"column":2},"end":{"line":23,"column":67}},"11":{"start":{"line":27,"column":0},"end":{"line":27,"column":20}}},"fnMap":{"0":{"name":"(anonymous_0)","decl":{"start":{"line":6,"column":13},"end":{"line":6,"column":14}},"loc":{"start":{"line":6,"column":70},"end":{"line":25,"column":1}}}},"branchMap":{"0":{"loc":{"start":{"line":10,"column":1},"end":{"line":14,"column":null}},"type":"if","locations":[{"start":{"line":10,"column":1},"end":{"line":14,"column":null}},{"start":{"line":10,"column":1},"end":{"line":14,"column":null}}]}},"s":{"0":1,"1":1,"2":1,"3":0,"4":0,"5":0,"6":0,"7":0,"8":0,"9":0,"10":0,"11":1},"f":{"0":0},"b":{"0":[0,0]}}
,"C:\\Users\\bryce\\Documents\\repos\\traderu\\server\\src\\routes\\authenticate.ts": {"path":"C:\\Users\\bryce\\Documents\\repos\\traderu\\server\\src\\routes\\authenticate.ts","statementMap":{"0":{"start":{"line":6,"column":0},"end":{"line":6,"column":27}},"1":{"start":{"line":7,"column":0},"end":{"line":7,"column":44}},"2":{"start":{"line":8,"column":0},"end":{"line":8,"column":52}},"3":{"start":{"line":9,"column":0},"end":{"line":9,"column":38}},"4":{"start":{"line":12,"column":21},"end":{"line":12,"column":37}},"5":{"start":{"line":21,"column":0},"end":{"line":41,"column":3}},"6":{"start":{"line":22,"column":1},"end":{"line":40,"column":null}},"7":{"start":{"line":23,"column":2},"end":{"line":26,"column":5}},"8":{"start":{"line":24,"column":3},"end":{"line":26,"column":5}},"9":{"start":{"line":27,"column":15},"end":{"line":27,"column":45}},"10":{"start":{"line":28,"column":2},"end":{"line":37,"column":5}},"11":{"start":{"line":39,"column":2},"end":{"line":39,"column":57}},"12":{"start":{"line":43,"column":0},"end":{"line":43,"column":30}}},"fnMap":{"0":{"name":"(anonymous_0)","decl":{"start":{"line":21,"column":28},"end":{"line":21,"column":33}},"loc":{"start":{"line":21,"column":71},"end":{"line":41,"column":1}}}},"branchMap":{"0":{"loc":{"start":{"line":23,"column":2},"end":{"line":26,"column":5}},"type":"if","locations":[{"start":{"line":23,"column":2},"end":{"line":26,"column":5}},{"start":{"line":23,"column":2},"end":{"line":26,"column":5}}]}},"s":{"0":1,"1":1,"2":1,"3":1,"4":1,"5":1,"6":0,"7":0,"8":0,"9":0,"10":0,"11":0,"12":1},"f":{"0":0},"b":{"0":[0,0]}}
,"C:\\Users\\bryce\\Documents\\repos\\traderu\\server\\src\\routes\\cryptos.ts": {"path":"C:\\Users\\bryce\\Documents\\repos\\traderu\\server\\src\\routes\\cryptos.ts","statementMap":{"0":{"start":{"line":7,"column":0},"end":{"line":7,"column":53}},"1":{"start":{"line":8,"column":0},"end":{"line":8,"column":56}},"2":{"start":{"line":9,"column":0},"end":{"line":9,"column":74}},"3":{"start":{"line":11,"column":16},"end":{"line":11,"column":32}},"4":{"start":{"line":20,"column":0},"end":{"line":52,"column":3}},"5":{"start":{"line":21,"column":1},"end":{"line":51,"column":null}},"6":{"start":{"line":22,"column":18},"end":{"line":22,"column":39}},"7":{"start":{"line":26,"column":30},"end":{"line":32,"column":4}},"8":{"start":{"line":27,"column":3},"end":{"line":31,"column":50}},"9":{"start":{"line":29,"column":5},"end":{"line":29,"column":64}},"10":{"start":{"line":31,"column":17},"end":{"line":31,"column":47}},"11":{"start":{"line":34,"column":21},"end":{"line":38,"column":5}},"12":{"start":{"line":34,"column":68},"end":{"line":38,"column":4}},"13":{"start":{"line":40,"column":2},"end":{"line":40,"column":23}},"14":{"start":{"line":42,"column":2},"end":{"line":42,"column":56}},"15":{"start":{"line":43,"column":2},"end":{"line":50,"column":5}},"16":{"start":{"line":61,"column":0},"end":{"line":84,"column":2}},"17":{"start":{"line":64,"column":2},"end":{"line":82,"column":null}},"18":{"start":{"line":65,"column":18},"end":{"line":65,"column":57}},"19":{"start":{"line":66,"column":31},"end":{"line":70,"column":49}},"20":{"start":{"line":68,"column":5},"end":{"line":68,"column":64}},"21":{"start":{"line":70,"column":17},"end":{"line":70,"column":47}},"22":{"start":{"line":71,"column":3},"end":{"line":71,"column":68}},"23":{"start":{"line":73,"column":3},"end":{"line":73,"column":66}},"24":{"start":{"line":74,"column":3},"end":{"line":81,"column":6}},"25":{"start":{"line":93,"column":0},"end":{"line":113,"column":3}},"26":{"start":{"line":94,"column":1},"end":{"line":112,"column":null}},"27":{"start":{"line":95,"column":17},"end":{"line":95,"column":57}},"28":{"start":{"line":96,"column":30},"end":{"line":100,"column":48}},"29":{"start":{"line":98,"column":4},"end":{"line":98,"column":63}},"30":{"start":{"line":100,"column":16},"end":{"line":100,"column":46}},"31":{"start":{"line":101,"column":2},"end":{"line":101,"column":67}},"32":{"start":{"line":103,"column":2},"end":{"line":103,"column":66}},"33":{"start":{"line":104,"column":2},"end":{"line":111,"column":5}},"34":{"start":{"line":115,"column":0},"end":{"line":115,"column":25}}},"fnMap":{"0":{"name":"(anonymous_0)","decl":{"start":{"line":20,"column":17},"end":{"line":20,"column":22}},"loc":{"start":{"line":20,"column":55},"end":{"line":52,"column":1}}},"1":{"name":"(anonymous_1)","decl":{"start":{"line":26,"column":47},"end":{"line":26,"column":48}},"loc":{"start":{"line":26,"column":75},"end":{"line":32,"column":3}}},"2":{"name":"(anonymous_2)","decl":{"start":{"line":28,"column":10},"end":{"line":28,"column":11}},"loc":{"start":{"line":28,"column":19},"end":{"line":30,"column":5}}},"3":{"name":"(anonymous_3)","decl":{"start":{"line":31,"column":9},"end":{"line":31,"column":12}},"loc":{"start":{"line":31,"column":17},"end":{"line":31,"column":47}}},"4":{"name":"(anonymous_4)","decl":{"start":{"line":34,"column":38},"end":{"line":34,"column":39}},"loc":{"start":{"line":34,"column":68},"end":{"line":38,"column":4}}},"5":{"name":"(anonymous_5)","decl":{"start":{"line":63,"column":1},"end":{"line":63,"column":6}},"loc":{"start":{"line":63,"column":39},"end":{"line":83,"column":2}}},"6":{"name":"(anonymous_6)","decl":{"start":{"line":67,"column":10},"end":{"line":67,"column":11}},"loc":{"start":{"line":67,"column":19},"end":{"line":69,"column":5}}},"7":{"name":"(anonymous_7)","decl":{"start":{"line":70,"column":9},"end":{"line":70,"column":12}},"loc":{"start":{"line":70,"column":17},"end":{"line":70,"column":47}}},"8":{"name":"(anonymous_8)","decl":{"start":{"line":93,"column":31},"end":{"line":93,"column":36}},"loc":{"start":{"line":93,"column":69},"end":{"line":113,"column":1}}},"9":{"name":"(anonymous_9)","decl":{"start":{"line":97,"column":9},"end":{"line":97,"column":10}},"loc":{"start":{"line":97,"column":18},"end":{"line":99,"column":4}}},"10":{"name":"(anonymous_10)","decl":{"start":{"line":100,"column":8},"end":{"line":100,"column":11}},"loc":{"start":{"line":100,"column":16},"end":{"line":100,"column":46}}}},"branchMap":{},"s":{"0":1,"1":1,"2":1,"3":1,"4":1,"5":0,"6":0,"7":0,"8":0,"9":0,"10":0,"11":0,"12":0,"13":0,"14":0,"15":0,"16":1,"17":0,"18":0,"19":0,"20":0,"21":0,"22":0,"23":0,"24":0,"25":1,"26":0,"27":0,"28":0,"29":0,"30":0,"31":0,"32":0,"33":0,"34":1},"f":{"0":0,"1":0,"2":0,"3":0,"4":0,"5":0,"6":0,"7":0,"8":0,"9":0,"10":0},"b":{}}
,"C:\\Users\\bryce\\Documents\\repos\\traderu\\server\\src\\routes\\leaderboard.ts": {"path":"C:\\Users\\bryce\\Documents\\repos\\traderu\\server\\src\\routes\\leaderboard.ts","statementMap":{"0":{"start":{"line":7,"column":0},"end":{"line":7,"column":53}},"1":{"start":{"line":8,"column":0},"end":{"line":8,"column":58}},"2":{"start":{"line":9,"column":0},"end":{"line":9,"column":62}},"3":{"start":{"line":10,"column":20},"end":{"line":10,"column":36}},"4":{"start":{"line":19,"column":0},"end":{"line":34,"column":3}},"5":{"start":{"line":20,"column":1},"end":{"line":33,"column":null}},"6":{"start":{"line":21,"column":19},"end":{"line":21,"column":41}},"7":{"start":{"line":22,"column":2},"end":{"line":22,"column":40}},"8":{"start":{"line":24,"column":2},"end":{"line":24,"column":56}},"9":{"start":{"line":25,"column":2},"end":{"line":32,"column":5}},"10":{"start":{"line":43,"column":0},"end":{"line":58,"column":3}},"11":{"start":{"line":44,"column":1},"end":{"line":57,"column":null}},"12":{"start":{"line":45,"column":19},"end":{"line":45,"column":66}},"13":{"start":{"line":46,"column":2},"end":{"line":46,"column":40}},"14":{"start":{"line":48,"column":2},"end":{"line":48,"column":70}},"15":{"start":{"line":49,"column":2},"end":{"line":56,"column":5}},"16":{"start":{"line":60,"column":0},"end":{"line":60,"column":29}}},"fnMap":{"0":{"name":"(anonymous_0)","decl":{"start":{"line":19,"column":21},"end":{"line":19,"column":26}},"loc":{"start":{"line":19,"column":59},"end":{"line":34,"column":1}}},"1":{"name":"(anonymous_1)","decl":{"start":{"line":43,"column":34},"end":{"line":43,"column":39}},"loc":{"start":{"line":43,"column":72},"end":{"line":58,"column":1}}}},"branchMap":{},"s":{"0":1,"1":1,"2":1,"3":1,"4":1,"5":0,"6":0,"7":0,"8":0,"9":0,"10":1,"11":0,"12":0,"13":0,"14":0,"15":0,"16":1},"f":{"0":0,"1":0},"b":{}}
,"C:\\Users\\bryce\\Documents\\repos\\traderu\\server\\src\\routes\\login.ts": {"path":"C:\\Users\\bryce\\Documents\\repos\\traderu\\server\\src\\routes\\login.ts","statementMap":{"0":{"start":{"line":6,"column":0},"end":{"line":6,"column":27}},"1":{"start":{"line":7,"column":0},"end":{"line":7,"column":53}},"2":{"start":{"line":8,"column":0},"end":{"line":8,"column":60}},"3":{"start":{"line":9,"column":0},"end":{"line":9,"column":30}},"4":{"start":{"line":10,"column":0},"end":{"line":10,"column":31}},"5":{"start":{"line":11,"column":0},"end":{"line":11,"column":58}},"6":{"start":{"line":13,"column":14},"end":{"line":13,"column":30}},"7":{"start":{"line":22,"column":0},"end":{"line":100,"column":2}},"8":{"start":{"line":29,"column":17},"end":{"line":29,"column":38}},"9":{"start":{"line":30,"column":2},"end":{"line":32,"column":null}},"10":{"start":{"line":31,"column":3},"end":{"line":31,"column":59}},"11":{"start":{"line":34,"column":30},"end":{"line":34,"column":38}},"12":{"start":{"line":35,"column":25},"end":{"line":35,"column":44}},"13":{"start":{"line":36,"column":2},"end":{"line":98,"column":null}},"14":{"start":{"line":37,"column":16},"end":{"line":37,"column":52}},"15":{"start":{"line":40,"column":3},"end":{"line":47,"column":null}},"16":{"start":{"line":41,"column":4},"end":{"line":46,"column":6}},"17":{"start":{"line":50,"column":27},"end":{"line":52,"column":null}},"18":{"start":{"line":56,"column":3},"end":{"line":63,"column":null}},"19":{"start":{"line":57,"column":4},"end":{"line":62,"column":6}},"20":{"start":{"line":66,"column":19},"end":{"line":70,"column":5}},"21":{"start":{"line":72,"column":3},"end":{"line":87,"column":null}},"22":{"start":{"line":73,"column":4},"end":{"line":81,"column":6}},"23":{"start":{"line":78,"column":6},"end":{"line":78,"column":25}},"24":{"start":{"line":78,"column":15},"end":{"line":78,"column":25}},"25":{"start":{"line":79,"column":6},"end":{"line":79,"column":26}},"26":{"start":{"line":83,"column":4},"end":{"line":86,"column":6}},"27":{"start":{"line":89,"column":3},"end":{"line":89,"column":52}},"28":{"start":{"line":90,"column":3},"end":{"line":97,"column":6}},"29":{"start":{"line":102,"column":0},"end":{"line":102,"column":23}}},"fnMap":{"0":{"name":"(anonymous_0)","decl":{"start":{"line":28,"column":1},"end":{"line":28,"column":6}},"loc":{"start":{"line":28,"column":39},"end":{"line":99,"column":2}}},"1":{"name":"(anonymous_1)","decl":{"start":{"line":77,"column":5},"end":{"line":77,"column":6}},"loc":{"start":{"line":77,"column":20},"end":{"line":80,"column":6}}}},"branchMap":{"0":{"loc":{"start":{"line":30,"column":2},"end":{"line":32,"column":null}},"type":"if","locations":[{"start":{"line":30,"column":2},"end":{"line":32,"column":null}},{"start":{"line":30,"column":2},"end":{"line":32,"column":null}}]},"1":{"loc":{"start":{"line":40,"column":3},"end":{"line":47,"column":null}},"type":"if","locations":[{"start":{"line":40,"column":3},"end":{"line":47,"column":null}},{"start":{"line":40,"column":3},"end":{"line":47,"column":null}}]},"2":{"loc":{"start":{"line":56,"column":3},"end":{"line":63,"column":null}},"type":"if","locations":[{"start":{"line":56,"column":3},"end":{"line":63,"column":null}},{"start":{"line":56,"column":3},"end":{"line":63,"column":null}}]},"3":{"loc":{"start":{"line":72,"column":3},"end":{"line":87,"column":null}},"type":"if","locations":[{"start":{"line":72,"column":3},"end":{"line":87,"column":null}},{"start":{"line":72,"column":3},"end":{"line":87,"column":null}}]},"4":{"loc":{"start":{"line":78,"column":6},"end":{"line":78,"column":25}},"type":"if","locations":[{"start":{"line":78,"column":6},"end":{"line":78,"column":25}},{"start":{"line":78,"column":6},"end":{"line":78,"column":25}}]}},"s":{"0":1,"1":1,"2":1,"3":1,"4":1,"5":1,"6":1,"7":1,"8":0,"9":0,"10":0,"11":0,"12":0,"13":0,"14":0,"15":0,"16":0,"17":0,"18":0,"19":0,"20":0,"21":0,"22":0,"23":0,"24":0,"25":0,"26":0,"27":0,"28":0,"29":1},"f":{"0":0,"1":0},"b":{"0":[0,0],"1":[0,0],"2":[0,0],"3":[0,0],"4":[0,0]}}
,"C:\\Users\\bryce\\Documents\\repos\\traderu\\server\\src\\routes\\portfolios.ts": {"path":"C:\\Users\\bryce\\Documents\\repos\\traderu\\server\\src\\routes\\portfolios.ts","statementMap":{"0":{"start":{"line":7,"column":0},"end":{"line":7,"column":44}},"1":{"start":{"line":8,"column":0},"end":{"line":8,"column":60}},"2":{"start":{"line":9,"column":0},"end":{"line":9,"column":38}},"3":{"start":{"line":10,"column":0},"end":{"line":10,"column":72}},"4":{"start":{"line":11,"column":0},"end":{"line":11,"column":66}},"5":{"start":{"line":12,"column":0},"end":{"line":12,"column":68}},"6":{"start":{"line":13,"column":0},"end":{"line":13,"column":60}},"7":{"start":{"line":14,"column":0},"end":{"line":14,"column":60}},"8":{"start":{"line":15,"column":0},"end":{"line":15,"column":74}},"9":{"start":{"line":16,"column":0},"end":{"line":16,"column":74}},"10":{"start":{"line":17,"column":0},"end":{"line":17,"column":76}},"11":{"start":{"line":20,"column":19},"end":{"line":20,"column":35}},"12":{"start":{"line":29,"column":0},"end":{"line":48,"column":3}},"13":{"start":{"line":30,"column":1},"end":{"line":47,"column":null}},"14":{"start":{"line":31,"column":2},"end":{"line":34,"column":5}},"15":{"start":{"line":32,"column":3},"end":{"line":34,"column":5}},"16":{"start":{"line":35,"column":21},"end":{"line":35,"column":61}},"17":{"start":{"line":36,"column":2},"end":{"line":36,"column":27}},"18":{"start":{"line":38,"column":2},"end":{"line":38,"column":55}},"19":{"start":{"line":39,"column":2},"end":{"line":46,"column":5}},"20":{"start":{"line":57,"column":0},"end":{"line":95,"column":2}},"21":{"start":{"line":66,"column":17},"end":{"line":66,"column":38}},"22":{"start":{"line":68,"column":2},"end":{"line":93,"column":null}},"23":{"start":{"line":69,"column":3},"end":{"line":69,"column":52}},"24":{"start":{"line":71,"column":3},"end":{"line":92,"column":null}},"25":{"start":{"line":72,"column":4},"end":{"line":75,"column":7}},"26":{"start":{"line":73,"column":5},"end":{"line":75,"column":7}},"27":{"start":{"line":76,"column":25},"end":{"line":78,"column":null}},"28":{"start":{"line":80,"column":4},"end":{"line":80,"column":50}},"29":{"start":{"line":81,"column":4},"end":{"line":81,"column":31}},"30":{"start":{"line":83,"column":4},"end":{"line":83,"column":58}},"31":{"start":{"line":84,"column":4},"end":{"line":91,"column":7}},"32":{"start":{"line":104,"column":0},"end":{"line":130,"column":2}},"33":{"start":{"line":108,"column":2},"end":{"line":128,"column":null}},"34":{"start":{"line":109,"column":3},"end":{"line":112,"column":6}},"35":{"start":{"line":110,"column":4},"end":{"line":112,"column":6}},"36":{"start":{"line":113,"column":20},"end":{"line":115,"column":null}},"37":{"start":{"line":117,"column":3},"end":{"line":117,"column":26}},"38":{"start":{"line":119,"column":3},"end":{"line":119,"column":72}},"39":{"start":{"line":120,"column":3},"end":{"line":127,"column":6}},"40":{"start":{"line":139,"column":0},"end":{"line":219,"column":2}},"41":{"start":{"line":146,"column":26},"end":{"line":146,"column":68}},"42":{"start":{"line":150,"column":4},"end":{"line":150,"column":71}},"43":{"start":{"line":153,"column":23},"end":{"line":153,"column":73}},"44":{"start":{"line":157,"column":4},"end":{"line":158,"column":63}},"45":{"start":{"line":162,"column":17},"end":{"line":162,"column":38}},"46":{"start":{"line":163,"column":2},"end":{"line":217,"column":null}},"47":{"start":{"line":164,"column":3},"end":{"line":164,"column":52}},"48":{"start":{"line":166,"column":3},"end":{"line":216,"column":null}},"49":{"start":{"line":167,"column":4},"end":{"line":170,"column":7}},"50":{"start":{"line":168,"column":5},"end":{"line":170,"column":7}},"51":{"start":{"line":172,"column":21},"end":{"line":172,"column":68}},"52":{"start":{"line":174,"column":4},"end":{"line":183,"column":null}},"53":{"start":{"line":175,"column":5},"end":{"line":182,"column":8}},"54":{"start":{"line":185,"column":21},"end":{"line":185,"column":38}},"55":{"start":{"line":186,"column":18},"end":{"line":186,"column":49}},"56":{"start":{"line":187,"column":17},"end":{"line":187,"column":44}},"57":{"start":{"line":189,"column":21},"end":{"line":196,"column":null}},"58":{"start":{"line":198,"column":4},"end":{"line":202,"column":null}},"59":{"start":{"line":199,"column":5},"end":{"line":199,"column":25}},"60":{"start":{"line":201,"column":5},"end":{"line":201,"column":23}},"61":{"start":{"line":204,"column":4},"end":{"line":207,"column":6}},"62":{"start":{"line":208,"column":4},"end":{"line":215,"column":7}},"63":{"start":{"line":228,"column":0},"end":{"line":305,"column":2}},"64":{"start":{"line":233,"column":26},"end":{"line":233,"column":58}},"65":{"start":{"line":240,"column":4},"end":{"line":240,"column":73}},"66":{"start":{"line":243,"column":24},"end":{"line":243,"column":76}},"67":{"start":{"line":247,"column":4},"end":{"line":248,"column":63}},"68":{"start":{"line":252,"column":17},"end":{"line":252,"column":38}},"69":{"start":{"line":253,"column":2},"end":{"line":303,"column":null}},"70":{"start":{"line":254,"column":3},"end":{"line":254,"column":52}},"71":{"start":{"line":256,"column":3},"end":{"line":302,"column":null}},"72":{"start":{"line":257,"column":4},"end":{"line":260,"column":7}},"73":{"start":{"line":258,"column":5},"end":{"line":260,"column":7}},"74":{"start":{"line":262,"column":22},"end":{"line":262,"column":71}},"75":{"start":{"line":264,"column":4},"end":{"line":273,"column":null}},"76":{"start":{"line":265,"column":5},"end":{"line":272,"column":8}},"77":{"start":{"line":274,"column":21},"end":{"line":274,"column":38}},"78":{"start":{"line":275,"column":18},"end":{"line":275,"column":50}},"79":{"start":{"line":276,"column":17},"end":{"line":276,"column":44}},"80":{"start":{"line":278,"column":21},"end":{"line":285,"column":null}},"81":{"start":{"line":288,"column":4},"end":{"line":288,"column":27}},"82":{"start":{"line":290,"column":4},"end":{"line":293,"column":6}},"83":{"start":{"line":294,"column":4},"end":{"line":301,"column":7}},"84":{"start":{"line":307,"column":0},"end":{"line":307,"column":28}}},"fnMap":{"0":{"name":"(anonymous_0)","decl":{"start":{"line":29,"column":26},"end":{"line":29,"column":31}},"loc":{"start":{"line":29,"column":69},"end":{"line":48,"column":1}}},"1":{"name":"(anonymous_1)","decl":{"start":{"line":65,"column":1},"end":{"line":65,"column":6}},"loc":{"start":{"line":65,"column":44},"end":{"line":94,"column":2}}},"2":{"name":"(anonymous_2)","decl":{"start":{"line":107,"column":1},"end":{"line":107,"column":6}},"loc":{"start":{"line":107,"column":44},"end":{"line":129,"column":2}}},"3":{"name":"(anonymous_3)","decl":{"start":{"line":146,"column":3},"end":{"line":146,"column":4}},"loc":{"start":{"line":146,"column":26},"end":{"line":146,"column":68}}},"4":{"name":"(anonymous_4)","decl":{"start":{"line":149,"column":3},"end":{"line":149,"column":4}},"loc":{"start":{"line":150,"column":4},"end":{"line":150,"column":71}}},"5":{"name":"(anonymous_5)","decl":{"start":{"line":153,"column":3},"end":{"line":153,"column":4}},"loc":{"start":{"line":153,"column":23},"end":{"line":153,"column":73}}},"6":{"name":"(anonymous_6)","decl":{"start":{"line":156,"column":3},"end":{"line":156,"column":4}},"loc":{"start":{"line":157,"column":4},"end":{"line":158,"column":63}}},"7":{"name":"(anonymous_7)","decl":{"start":{"line":161,"column":1},"end":{"line":161,"column":6}},"loc":{"start":{"line":161,"column":44},"end":{"line":218,"column":2}}},"8":{"name":"(anonymous_8)","decl":{"start":{"line":233,"column":3},"end":{"line":233,"column":4}},"loc":{"start":{"line":233,"column":26},"end":{"line":233,"column":58}}},"9":{"name":"(anonymous_9)","decl":{"start":{"line":239,"column":3},"end":{"line":239,"column":4}},"loc":{"start":{"line":240,"column":4},"end":{"line":240,"column":73}}},"10":{"name":"(anonymous_10)","decl":{"start":{"line":243,"column":3},"end":{"line":243,"column":4}},"loc":{"start":{"line":243,"column":24},"end":{"line":243,"column":76}}},"11":{"name":"(anonymous_11)","decl":{"start":{"line":246,"column":3},"end":{"line":246,"column":4}},"loc":{"start":{"line":247,"column":4},"end":{"line":248,"column":63}}},"12":{"name":"(anonymous_12)","decl":{"start":{"line":251,"column":1},"end":{"line":251,"column":6}},"loc":{"start":{"line":251,"column":44},"end":{"line":304,"column":2}}}},"branchMap":{"0":{"loc":{"start":{"line":31,"column":2},"end":{"line":34,"column":5}},"type":"if","locations":[{"start":{"line":31,"column":2},"end":{"line":34,"column":5}},{"start":{"line":31,"column":2},"end":{"line":34,"column":5}}]},"1":{"loc":{"start":{"line":68,"column":2},"end":{"line":93,"column":null}},"type":"if","locations":[{"start":{"line":68,"column":2},"end":{"line":93,"column":null}},{"start":{"line":68,"column":2},"end":{"line":93,"column":null}}]},"2":{"loc":{"start":{"line":72,"column":4},"end":{"line":75,"column":7}},"type":"if","locations":[{"start":{"line":72,"column":4},"end":{"line":75,"column":7}},{"start":{"line":72,"column":4},"end":{"line":75,"column":7}}]},"3":{"loc":{"start":{"line":109,"column":3},"end":{"line":112,"column":6}},"type":"if","locations":[{"start":{"line":109,"column":3},"end":{"line":112,"column":6}},{"start":{"line":109,"column":3},"end":{"line":112,"column":6}}]},"4":{"loc":{"start":{"line":146,"column":26},"end":{"line":146,"column":52}},"type":"binary-expr","locations":[{"start":{"line":146,"column":26},"end":{"line":146,"column":52}},{"start":{"line":146,"column":56},"end":{"line":146,"column":68}}]},"5":{"loc":{"start":{"line":150,"column":4},"end":{"line":150,"column":36}},"type":"binary-expr","locations":[{"start":{"line":150,"column":4},"end":{"line":150,"column":36}},{"start":{"line":150,"column":40},"end":{"line":150,"column":71}}]},"6":{"loc":{"start":{"line":153,"column":23},"end":{"line":153,"column":46}},"type":"binary-expr","locations":[{"start":{"line":153,"column":23},"end":{"line":153,"column":46}},{"start":{"line":153,"column":50},"end":{"line":153,"column":73}}]},"7":{"loc":{"start":{"line":157,"column":5},"end":{"line":157,"column":29}},"type":"binary-expr","locations":[{"start":{"line":157,"column":5},"end":{"line":157,"column":29}},{"start":{"line":157,"column":33},"end":{"line":157,"column":61}},{"start":{"line":158,"column":5},"end":{"line":158,"column":29}},{"start":{"line":158,"column":33},"end":{"line":158,"column":62}}]},"8":{"loc":{"start":{"line":163,"column":2},"end":{"line":217,"column":null}},"type":"if","locations":[{"start":{"line":163,"column":2},"end":{"line":217,"column":null}},{"start":{"line":163,"column":2},"end":{"line":217,"column":null}}]},"9":{"loc":{"start":{"line":167,"column":4},"end":{"line":170,"column":7}},"type":"if","locations":[{"start":{"line":167,"column":4},"end":{"line":170,"column":7}},{"start":{"line":167,"column":4},"end":{"line":170,"column":7}}]},"10":{"loc":{"start":{"line":174,"column":4},"end":{"line":183,"column":null}},"type":"if","locations":[{"start":{"line":174,"column":4},"end":{"line":183,"column":null}},{"start":{"line":174,"column":4},"end":{"line":183,"column":null}}]},"11":{"loc":{"start":{"line":198,"column":4},"end":{"line":202,"column":null}},"type":"if","locations":[{"start":{"line":198,"column":4},"end":{"line":202,"column":null}},{"start":{"line":198,"column":4},"end":{"line":202,"column":null}}]},"12":{"loc":{"start":{"line":233,"column":26},"end":{"line":233,"column":42}},"type":"binary-expr","locations":[{"start":{"line":233,"column":26},"end":{"line":233,"column":42}},{"start":{"line":233,"column":46},"end":{"line":233,"column":58}}]},"13":{"loc":{"start":{"line":240,"column":4},"end":{"line":240,"column":37}},"type":"binary-expr","locations":[{"start":{"line":240,"column":4},"end":{"line":240,"column":37}},{"start":{"line":240,"column":41},"end":{"line":240,"column":73}}]},"14":{"loc":{"start":{"line":243,"column":24},"end":{"line":243,"column":48}},"type":"binary-expr","locations":[{"start":{"line":243,"column":24},"end":{"line":243,"column":48}},{"start":{"line":243,"column":52},"end":{"line":243,"column":76}}]},"15":{"loc":{"start":{"line":247,"column":5},"end":{"line":247,"column":29}},"type":"binary-expr","locations":[{"start":{"line":247,"column":5},"end":{"line":247,"column":29}},{"start":{"line":247,"column":33},"end":{"line":247,"column":61}},{"start":{"line":248,"column":5},"end":{"line":248,"column":29}},{"start":{"line":248,"column":33},"end":{"line":248,"column":62}}]},"16":{"loc":{"start":{"line":253,"column":2},"end":{"line":303,"column":null}},"type":"if","locations":[{"start":{"line":253,"column":2},"end":{"line":303,"column":null}},{"start":{"line":253,"column":2},"end":{"line":303,"column":null}}]},"17":{"loc":{"start":{"line":257,"column":4},"end":{"line":260,"column":7}},"type":"if","locations":[{"start":{"line":257,"column":4},"end":{"line":260,"column":7}},{"start":{"line":257,"column":4},"end":{"line":260,"column":7}}]},"18":{"loc":{"start":{"line":264,"column":4},"end":{"line":273,"column":null}},"type":"if","locations":[{"start":{"line":264,"column":4},"end":{"line":273,"column":null}},{"start":{"line":264,"column":4},"end":{"line":273,"column":null}}]}},"s":{"0":1,"1":1,"2":1,"3":1,"4":1,"5":1,"6":1,"7":1,"8":1,"9":1,"10":1,"11":1,"12":1,"13":0,"14":0,"15":0,"16":0,"17":0,"18":0,"19":0,"20":1,"21":0,"22":0,"23":0,"24":0,"25":0,"26":0,"27":0,"28":0,"29":0,"30":0,"31":0,"32":1,"33":0,"34":0,"35":0,"36":0,"37":0,"38":0,"39":0,"40":1,"41":0,"42":0,"43":0,"44":0,"45":0,"46":0,"47":0,"48":0,"49":0,"50":0,"51":0,"52":0,"53":0,"54":0,"55":0,"56":0,"57":0,"58":0,"59":0,"60":0,"61":0,"62":0,"63":1,"64":0,"65":0,"66":0,"67":0,"68":0,"69":0,"70":0,"71":0,"72":0,"73":0,"74":0,"75":0,"76":0,"77":0,"78":0,"79":0,"80":0,"81":0,"82":0,"83":0,"84":1},"f":{"0":0,"1":0,"2":0,"3":0,"4":0,"5":0,"6":0,"7":0,"8":0,"9":0,"10":0,"11":0,"12":0},"b":{"0":[0,0],"1":[0,0],"2":[0,0],"3":[0,0],"4":[0,0],"5":[0,0],"6":[0,0],"7":[0,0,0,0],"8":[0,0],"9":[0,0],"10":[0,0],"11":[0,0],"12":[0,0],"13":[0,0],"14":[0,0],"15":[0,0,0,0],"16":[0,0],"17":[0,0],"18":[0,0]}}
,"C:\\Users\\bryce\\Documents\\repos\\traderu\\server\\src\\routes\\register.ts": {"path":"C:\\Users\\bryce\\Documents\\repos\\traderu\\server\\src\\routes\\register.ts","statementMap":{"0":{"start":{"line":7,"column":0},"end":{"line":7,"column":27}},"1":{"start":{"line":8,"column":0},"end":{"line":8,"column":53}},"2":{"start":{"line":9,"column":0},"end":{"line":9,"column":60}},"3":{"start":{"line":10,"column":0},"end":{"line":10,"column":30}},"4":{"start":{"line":11,"column":0},"end":{"line":11,"column":31}},"5":{"start":{"line":12,"column":0},"end":{"line":12,"column":32}},"6":{"start":{"line":13,"column":0},"end":{"line":13,"column":58}},"7":{"start":{"line":14,"column":0},"end":{"line":14,"column":50}},"8":{"start":{"line":15,"column":0},"end":{"line":15,"column":26}},"9":{"start":{"line":17,"column":17},"end":{"line":17,"column":33}},"10":{"start":{"line":18,"column":13},"end":{"line":18,"column":63}},"11":{"start":{"line":27,"column":0},"end":{"line":134,"column":2}},"12":{"start":{"line":43,"column":4},"end":{"line":46,"column":43}},"13":{"start":{"line":50,"column":17},"end":{"line":50,"column":38}},"14":{"start":{"line":52,"column":2},"end":{"line":132,"column":null}},"15":{"start":{"line":53,"column":3},"end":{"line":53,"column":52}},"16":{"start":{"line":55,"column":3},"end":{"line":131,"column":null}},"17":{"start":{"line":56,"column":48},"end":{"line":56,"column":56}},"18":{"start":{"line":57,"column":25},"end":{"line":57,"column":66}},"19":{"start":{"line":59,"column":4},"end":{"line":120,"column":null}},"20":{"start":{"line":60,"column":5},"end":{"line":62,"column":76}},"21":{"start":{"line":64,"column":18},"end":{"line":64,"column":51}},"22":{"start":{"line":67,"column":29},"end":{"line":67,"column":62}},"23":{"start":{"line":69,"column":25},"end":{"line":76,"column":8}},"24":{"start":{"line":72,"column":7},"end":{"line":72,"column":33}},"25":{"start":{"line":75,"column":7},"end":{"line":75,"column":20}},"26":{"start":{"line":78,"column":28},"end":{"line":82,"column":7}},"27":{"start":{"line":84,"column":27},"end":{"line":86,"column":53}},"28":{"start":{"line":88,"column":20},"end":{"line":92,"column":7}},"29":{"start":{"line":94,"column":21},"end":{"line":96,"column":65}},"30":{"start":{"line":98,"column":21},"end":{"line":102,"column":7}},"31":{"start":{"line":104,"column":5},"end":{"line":119,"column":null}},"32":{"start":{"line":105,"column":6},"end":{"line":113,"column":8}},"33":{"start":{"line":110,"column":8},"end":{"line":110,"column":27}},"34":{"start":{"line":110,"column":17},"end":{"line":110,"column":27}},"35":{"start":{"line":111,"column":8},"end":{"line":111,"column":28}},"36":{"start":{"line":115,"column":6},"end":{"line":118,"column":8}},"37":{"start":{"line":122,"column":4},"end":{"line":122,"column":48}},"38":{"start":{"line":123,"column":4},"end":{"line":130,"column":7}},"39":{"start":{"line":136,"column":0},"end":{"line":136,"column":26}}},"fnMap":{"0":{"name":"(anonymous_0)","decl":{"start":{"line":42,"column":3},"end":{"line":42,"column":4}},"loc":{"start":{"line":43,"column":4},"end":{"line":46,"column":43}}},"1":{"name":"(anonymous_1)","decl":{"start":{"line":49,"column":1},"end":{"line":49,"column":6}},"loc":{"start":{"line":49,"column":39},"end":{"line":133,"column":2}}},"2":{"name":"(anonymous_2)","decl":{"start":{"line":71,"column":12},"end":{"line":71,"column":15}},"loc":{"start":{"line":71,"column":18},"end":{"line":73,"column":7}}},"3":{"name":"(anonymous_3)","decl":{"start":{"line":74,"column":13},"end":{"line":74,"column":16}},"loc":{"start":{"line":74,"column":19},"end":{"line":76,"column":7}}},"4":{"name":"(anonymous_4)","decl":{"start":{"line":109,"column":7},"end":{"line":109,"column":8}},"loc":{"start":{"line":109,"column":22},"end":{"line":112,"column":8}}}},"branchMap":{"0":{"loc":{"start":{"line":18,"column":32},"end":{"line":18,"column":58}},"type":"cond-expr","locations":[{"start":{"line":18,"column":32},"end":{"line":18,"column":58}},{"start":{"line":18,"column":61},"end":{"line":18,"column":63}}]},"1":{"loc":{"start":{"line":43,"column":4},"end":{"line":43,"column":13}},"type":"binary-expr","locations":[{"start":{"line":43,"column":4},"end":{"line":43,"column":13}},{"start":{"line":44,"column":5},"end":{"line":44,"column":33}},{"start":{"line":45,"column":5},"end":{"line":45,"column":43}},{"start":{"line":46,"column":5},"end":{"line":46,"column":42}}]},"2":{"loc":{"start":{"line":52,"column":2},"end":{"line":132,"column":null}},"type":"if","locations":[{"start":{"line":52,"column":2},"end":{"line":132,"column":null}},{"start":{"line":52,"column":2},"end":{"line":132,"column":null}}]},"3":{"loc":{"start":{"line":59,"column":4},"end":{"line":120,"column":null}},"type":"if","locations":[{"start":{"line":59,"column":4},"end":{"line":120,"column":null}},{"start":{"line":59,"column":4},"end":{"line":120,"column":null}}]},"4":{"loc":{"start":{"line":85,"column":8},"end":{"line":85,"column":13}},"type":"cond-expr","locations":[{"start":{"line":85,"column":8},"end":{"line":85,"column":13}},{"start":{"line":86,"column":8},"end":{"line":86,"column":53}}]},"5":{"loc":{"start":{"line":95,"column":8},"end":{"line":95,"column":61}},"type":"cond-expr","locations":[{"start":{"line":95,"column":8},"end":{"line":95,"column":61}},{"start":{"line":96,"column":8},"end":{"line":96,"column":65}}]},"6":{"loc":{"start":{"line":104,"column":5},"end":{"line":119,"column":null}},"type":"if","locations":[{"start":{"line":104,"column":5},"end":{"line":119,"column":null}},{"start":{"line":104,"column":5},"end":{"line":119,"column":null}}]},"7":{"loc":{"start":{"line":110,"column":8},"end":{"line":110,"column":27}},"type":"if","locations":[{"start":{"line":110,"column":8},"end":{"line":110,"column":27}},{"start":{"line":110,"column":8},"end":{"line":110,"column":27}}]}},"s":{"0":1,"1":1,"2":1,"3":1,"4":1,"5":1,"6":1,"7":1,"8":1,"9":1,"10":1,"11":1,"12":0,"13":0,"14":0,"15":0,"16":0,"17":0,"18":0,"19":0,"20":0,"21":0,"22":0,"23":0,"24":0,"25":0,"26":0,"27":0,"28":0,"29":0,"30":0,"31":0,"32":0,"33":0,"34":0,"35":0,"36":0,"37":0,"38":0,"39":1},"f":{"0":0,"1":0,"2":0,"3":0,"4":0},"b":{"0":[0,1],"1":[0,0,0,0],"2":[0,0],"3":[0,0],"4":[0,0],"5":[0,0],"6":[0,0],"7":[0,0]}}
,"C:\\Users\\bryce\\Documents\\repos\\traderu\\server\\src\\routes\\stocks.ts": {"path":"C:\\Users\\bryce\\Documents\\repos\\traderu\\server\\src\\routes\\stocks.ts","statementMap":{"0":{"start":{"line":7,"column":0},"end":{"line":7,"column":53}},"1":{"start":{"line":8,"column":0},"end":{"line":8,"column":54}},"2":{"start":{"line":9,"column":0},"end":{"line":9,"column":null}},"3":{"start":{"line":15,"column":15},"end":{"line":15,"column":31}},"4":{"start":{"line":24,"column":0},"end":{"line":56,"column":3}},"5":{"start":{"line":25,"column":1},"end":{"line":55,"column":null}},"6":{"start":{"line":26,"column":17},"end":{"line":26,"column":37}},"7":{"start":{"line":30,"column":30},"end":{"line":36,"column":4}},"8":{"start":{"line":31,"column":3},"end":{"line":35,"column":50}},"9":{"start":{"line":33,"column":5},"end":{"line":33,"column":64}},"10":{"start":{"line":35,"column":17},"end":{"line":35,"column":47}},"11":{"start":{"line":38,"column":20},"end":{"line":42,"column":5}},"12":{"start":{"line":38,"column":66},"end":{"line":42,"column":4}},"13":{"start":{"line":44,"column":2},"end":{"line":44,"column":22}},"14":{"start":{"line":46,"column":2},"end":{"line":46,"column":56}},"15":{"start":{"line":47,"column":2},"end":{"line":54,"column":5}},"16":{"start":{"line":65,"column":0},"end":{"line":88,"column":2}},"17":{"start":{"line":68,"column":2},"end":{"line":86,"column":null}},"18":{"start":{"line":69,"column":17},"end":{"line":69,"column":58}},"19":{"start":{"line":70,"column":30},"end":{"line":74,"column":49}},"20":{"start":{"line":72,"column":5},"end":{"line":72,"column":64}},"21":{"start":{"line":74,"column":17},"end":{"line":74,"column":47}},"22":{"start":{"line":75,"column":3},"end":{"line":75,"column":65}},"23":{"start":{"line":77,"column":3},"end":{"line":77,"column":64}},"24":{"start":{"line":78,"column":3},"end":{"line":85,"column":6}},"25":{"start":{"line":97,"column":0},"end":{"line":117,"column":3}},"26":{"start":{"line":98,"column":1},"end":{"line":116,"column":null}},"27":{"start":{"line":99,"column":16},"end":{"line":99,"column":54}},"28":{"start":{"line":100,"column":29},"end":{"line":104,"column":48}},"29":{"start":{"line":102,"column":4},"end":{"line":102,"column":63}},"30":{"start":{"line":104,"column":16},"end":{"line":104,"column":46}},"31":{"start":{"line":105,"column":2},"end":{"line":105,"column":64}},"32":{"start":{"line":107,"column":2},"end":{"line":107,"column":60}},"33":{"start":{"line":108,"column":2},"end":{"line":115,"column":5}},"34":{"start":{"line":126,"column":0},"end":{"line":146,"column":3}},"35":{"start":{"line":127,"column":1},"end":{"line":145,"column":null}},"36":{"start":{"line":128,"column":16},"end":{"line":128,"column":55}},"37":{"start":{"line":129,"column":29},"end":{"line":133,"column":48}},"38":{"start":{"line":131,"column":4},"end":{"line":131,"column":63}},"39":{"start":{"line":133,"column":16},"end":{"line":133,"column":46}},"40":{"start":{"line":134,"column":2},"end":{"line":134,"column":64}},"41":{"start":{"line":136,"column":2},"end":{"line":136,"column":61}},"42":{"start":{"line":137,"column":2},"end":{"line":144,"column":5}},"43":{"start":{"line":148,"column":0},"end":{"line":148,"column":24}}},"fnMap":{"0":{"name":"(anonymous_0)","decl":{"start":{"line":24,"column":16},"end":{"line":24,"column":21}},"loc":{"start":{"line":24,"column":54},"end":{"line":56,"column":1}}},"1":{"name":"(anonymous_1)","decl":{"start":{"line":30,"column":46},"end":{"line":30,"column":47}},"loc":{"start":{"line":30,"column":72},"end":{"line":36,"column":3}}},"2":{"name":"(anonymous_2)","decl":{"start":{"line":32,"column":10},"end":{"line":32,"column":11}},"loc":{"start":{"line":32,"column":19},"end":{"line":34,"column":5}}},"3":{"name":"(anonymous_3)","decl":{"start":{"line":35,"column":9},"end":{"line":35,"column":12}},"loc":{"start":{"line":35,"column":17},"end":{"line":35,"column":47}}},"4":{"name":"(anonymous_4)","decl":{"start":{"line":38,"column":36},"end":{"line":38,"column":37}},"loc":{"start":{"line":38,"column":66},"end":{"line":42,"column":4}}},"5":{"name":"(anonymous_5)","decl":{"start":{"line":67,"column":1},"end":{"line":67,"column":6}},"loc":{"start":{"line":67,"column":39},"end":{"line":87,"column":2}}},"6":{"name":"(anonymous_6)","decl":{"start":{"line":71,"column":10},"end":{"line":71,"column":11}},"loc":{"start":{"line":71,"column":19},"end":{"line":73,"column":5}}},"7":{"name":"(anonymous_7)","decl":{"start":{"line":74,"column":9},"end":{"line":74,"column":12}},"loc":{"start":{"line":74,"column":17},"end":{"line":74,"column":47}}},"8":{"name":"(anonymous_8)","decl":{"start":{"line":97,"column":29},"end":{"line":97,"column":34}},"loc":{"start":{"line":97,"column":67},"end":{"line":117,"column":1}}},"9":{"name":"(anonymous_9)","decl":{"start":{"line":101,"column":9},"end":{"line":101,"column":10}},"loc":{"start":{"line":101,"column":18},"end":{"line":103,"column":4}}},"10":{"name":"(anonymous_10)","decl":{"start":{"line":104,"column":8},"end":{"line":104,"column":11}},"loc":{"start":{"line":104,"column":16},"end":{"line":104,"column":46}}},"11":{"name":"(anonymous_11)","decl":{"start":{"line":126,"column":30},"end":{"line":126,"column":35}},"loc":{"start":{"line":126,"column":68},"end":{"line":146,"column":1}}},"12":{"name":"(anonymous_12)","decl":{"start":{"line":130,"column":9},"end":{"line":130,"column":10}},"loc":{"start":{"line":130,"column":18},"end":{"line":132,"column":4}}},"13":{"name":"(anonymous_13)","decl":{"start":{"line":133,"column":8},"end":{"line":133,"column":11}},"loc":{"start":{"line":133,"column":16},"end":{"line":133,"column":46}}}},"branchMap":{},"s":{"0":1,"1":1,"2":1,"3":1,"4":1,"5":0,"6":0,"7":0,"8":0,"9":0,"10":0,"11":0,"12":0,"13":0,"14":0,"15":0,"16":1,"17":0,"18":0,"19":0,"20":0,"21":0,"22":0,"23":0,"24":0,"25":1,"26":0,"27":0,"28":0,"29":0,"30":0,"31":0,"32":0,"33":0,"34":1,"35":0,"36":0,"37":0,"38":0,"39":0,"40":0,"41":0,"42":0,"43":1},"f":{"0":0,"1":0,"2":0,"3":0,"4":0,"5":0,"6":0,"7":0,"8":0,"9":0,"10":0,"11":0,"12":0,"13":0},"b":{}}
}
