TN:
SF:src\app.ts
FN:55,(anonymous_0)
FN:66,(anonymous_1)
FNF:2
FNH:1
FNDA:1,(anonymous_0)
FNDA:0,(anonymous_1)
DA:16,1
DA:17,1
DA:18,1
DA:19,1
DA:20,1
DA:21,1
DA:24,1
DA:25,1
DA:28,1
DA:29,1
DA:30,1
DA:31,1
DA:34,1
DA:35,1
DA:36,1
DA:37,1
DA:38,1
DA:39,1
DA:40,1
DA:43,1
DA:44,1
DA:55,1
DA:56,1
DA:66,1
DA:67,0
DA:70,1
LF:26
LH:25
BRDA:24,0,0,1
BRDA:24,0,1,0
BRF:2
BRH:1
end_of_record
TN:
SF:src\db\index.ts
FN:22,(anonymous_0)
FNF:1
FNH:0
FNDA:0,(anonymous_0)
DA:8,1
DA:9,1
DA:10,1
DA:11,1
DA:13,1
DA:22,0
LF:6
LH:5
BRDA:10,0,0,1
BRDA:10,0,1,0
BRF:2
BRH:1
end_of_record
TN:
SF:src\db\inserts\createCryptoTransaction.ts
FN:4,(anonymous_0)
FN:61,(anonymous_1)
FN:65,(anonymous_2)
FN:83,(anonymous_3)
FN:89,(anonymous_4)
FN:108,(anonymous_5)
FNF:6
FNH:0
FNDA:0,(anonymous_0)
FNDA:0,(anonymous_1)
FNDA:0,(anonymous_2)
FNDA:0,(anonymous_3)
FNDA:0,(anonymous_4)
FNDA:0,(anonymous_5)
DA:2,1
DA:4,1
DA:15,0
DA:16,0
DA:24,0
DA:25,0
DA:26,0
DA:27,0
DA:36,0
DA:40,0
DA:46,0
DA:62,0
DA:63,0
DA:66,0
DA:69,0
DA:72,0
DA:84,0
DA:87,0
DA:90,0
DA:92,0
DA:95,0
DA:109,0
DA:111,0
DA:115,1
LF:24
LH:3
BRDA:15,0,0,0
BRDA:15,0,1,0
BRDA:24,1,0,0
BRDA:24,1,1,0
BRDA:26,2,0,0
BRDA:26,2,1,0
BRDA:36,3,0,0
BRDA:36,3,1,0
BRDA:37,4,0,0
BRDA:37,4,1,0
BRDA:70,5,0,0
BRDA:70,5,1,0
BRDA:93,6,0,0
BRDA:93,6,1,0
BRF:14
BRH:0
end_of_record
TN:
SF:src\db\inserts\createPortfolio.ts
FN:4,(anonymous_0)
FN:14,(anonymous_1)
FN:15,(anonymous_2)
FNF:3
FNH:0
FNDA:0,(anonymous_0)
FNDA:0,(anonymous_1)
FNDA:0,(anonymous_2)
DA:1,1
DA:4,1
DA:5,0
DA:14,0
DA:16,0
DA:19,1
LF:6
LH:3
BRF:0
BRH:0
end_of_record
TN:
SF:src\db\inserts\createPortfolioHistory.ts
FN:3,(anonymous_0)
FN:12,(anonymous_1)
FNF:2
FNH:0
FNDA:0,(anonymous_0)
FNDA:0,(anonymous_1)
DA:1,1
DA:3,1
DA:4,0
DA:13,0
DA:16,1
LF:5
LH:3
BRF:0
BRH:0
end_of_record
TN:
SF:src\db\inserts\createStockTransaction.ts
FN:4,(anonymous_0)
FN:61,(anonymous_1)
FN:65,(anonymous_2)
FN:83,(anonymous_3)
FN:89,(anonymous_4)
FN:108,(anonymous_5)
FNF:6
FNH:0
FNDA:0,(anonymous_0)
FNDA:0,(anonymous_1)
FNDA:0,(anonymous_2)
FNDA:0,(anonymous_3)
FNDA:0,(anonymous_4)
FNDA:0,(anonymous_5)
DA:2,1
DA:4,1
DA:15,0
DA:16,0
DA:24,0
DA:25,0
DA:26,0
DA:27,0
DA:36,0
DA:40,0
DA:46,0
DA:62,0
DA:63,0
DA:66,0
DA:69,0
DA:72,0
DA:84,0
DA:87,0
DA:90,0
DA:92,0
DA:95,0
DA:109,0
DA:111,0
DA:114,1
LF:24
LH:3
BRDA:15,0,0,0
BRDA:15,0,1,0
BRDA:24,1,0,0
BRDA:24,1,1,0
BRDA:26,2,0,0
BRDA:26,2,1,0
BRDA:36,3,0,0
BRDA:36,3,1,0
BRDA:37,4,0,0
BRDA:37,4,1,0
BRDA:70,5,0,0
BRDA:70,5,1,0
BRDA:93,6,0,0
BRDA:93,6,1,0
BRF:14
BRH:0
end_of_record
TN:
SF:src\db\inserts\createUser.ts
FN:5,(anonymous_0)
FN:21,(anonymous_1)
FN:22,(anonymous_2)
FNF:3
FNH:0
FNDA:0,(anonymous_0)
FNDA:0,(anonymous_1)
FNDA:0,(anonymous_2)
DA:2,1
DA:5,1
DA:12,0
DA:21,0
DA:23,0
DA:26,1
LF:6
LH:3
BRDA:10,0,0,0
BRF:1
BRH:0
end_of_record
TN:
SF:src\db\selects\getAllCryptos.ts
FN:3,(anonymous_0)
FNF:1
FNH:0
FNDA:0,(anonymous_0)
DA:1,1
DA:3,1
DA:4,0
DA:13,1
LF:4
LH:3
BRF:0
BRH:0
end_of_record
TN:
SF:src\db\selects\getAllRankings.ts
FN:3,(anonymous_0)
FNF:1
FNH:0
FNDA:0,(anonymous_0)
DA:1,1
DA:3,1
DA:4,0
DA:23,1
LF:4
LH:3
BRF:0
BRH:0
end_of_record
TN:
SF:src\db\selects\getAllStocks.ts
FN:3,(anonymous_0)
FNF:1
FNH:0
FNDA:0,(anonymous_0)
DA:1,1
DA:3,1
DA:4,0
DA:14,1
LF:4
LH:3
BRF:0
BRH:0
end_of_record
TN:
SF:src\db\selects\getCrypto.ts
FN:3,getCryptoDaily
FN:17,getCryptoWeekly
FNF:2
FNH:0
FNDA:0,getCryptoDaily
FNDA:0,getCryptoWeekly
DA:1,1
DA:3,1
DA:4,0
DA:17,1
DA:18,0
LF:5
LH:3
BRF:0
BRH:0
end_of_record
TN:
SF:src\db\selects\getCryptoIdBySymbol.ts
FN:4,(anonymous_0)
FN:12,(anonymous_1)
FN:15,(anonymous_2)
FNF:3
FNH:0
FNDA:0,(anonymous_0)
FNDA:0,(anonymous_1)
FNDA:0,(anonymous_2)
DA:1,1
DA:4,1
DA:5,0
DA:13,0
DA:16,0
DA:19,1
LF:6
LH:3
BRDA:13,0,0,0
BRDA:13,0,1,0
BRF:2
BRH:0
end_of_record
TN:
SF:src\db\selects\getLocalRankings.ts
FN:4,(anonymous_0)
FNF:1
FNH:0
FNDA:0,(anonymous_0)
DA:1,1
DA:4,1
DA:5,0
DA:60,1
LF:4
LH:3
BRF:0
BRH:0
end_of_record
TN:
SF:src\db\selects\getPortfoliosByUserId.ts
FN:4,(anonymous_0)
FN:46,(anonymous_1)
FN:47,(anonymous_2)
FNF:3
FNH:0
FNDA:0,(anonymous_0)
FNDA:0,(anonymous_1)
FNDA:0,(anonymous_2)
DA:1,1
DA:4,1
DA:5,0
DA:46,0
DA:48,0
DA:51,1
LF:6
LH:3
BRF:0
BRH:0
end_of_record
TN:
SF:src\db\selects\getStock.ts
FN:3,getStockIntraday
FN:16,getStockDaily
FN:29,getStockWeekly
FNF:3
FNH:0
FNDA:0,getStockIntraday
FNDA:0,getStockDaily
FNDA:0,getStockWeekly
DA:1,1
DA:3,1
DA:4,0
DA:16,1
DA:17,0
DA:29,1
DA:30,0
LF:7
LH:4
BRF:0
BRH:0
end_of_record
TN:
SF:src\db\selects\getStockIdBySymbol.ts
FN:4,(anonymous_0)
FN:12,(anonymous_1)
FN:15,(anonymous_2)
FNF:3
FNH:0
FNDA:0,(anonymous_0)
FNDA:0,(anonymous_1)
FNDA:0,(anonymous_2)
DA:1,1
DA:4,1
DA:5,0
DA:13,0
DA:16,0
DA:19,1
LF:6
LH:3
BRDA:13,0,0,0
BRDA:13,0,1,0
BRF:2
BRH:0
end_of_record
TN:
SF:src\db\selects\getUserByEmail.ts
FN:4,(anonymous_0)
FN:12,(anonymous_1)
FN:13,(anonymous_2)
FNF:3
FNH:0
FNDA:0,(anonymous_0)
FNDA:0,(anonymous_1)
FNDA:0,(anonymous_2)
DA:1,1
DA:4,1
DA:5,0
DA:12,0
DA:14,0
DA:17,1
LF:6
LH:3
BRF:0
BRH:0
end_of_record
TN:
SF:src\db\selects\getUserById.ts
FN:4,(anonymous_0)
FN:12,(anonymous_1)
FN:13,(anonymous_2)
FNF:3
FNH:0
FNDA:0,(anonymous_0)
FNDA:0,(anonymous_1)
FNDA:0,(anonymous_2)
DA:1,1
DA:4,1
DA:5,0
DA:12,0
DA:14,0
DA:17,1
LF:6
LH:3
BRF:0
BRH:0
end_of_record
TN:
SF:src\db\updates\deletePortfolio.ts
FN:3,(anonymous_0)
FN:19,(anonymous_1)
FN:20,(anonymous_2)
FNF:3
FNH:0
FNDA:0,(anonymous_0)
FNDA:0,(anonymous_1)
FNDA:0,(anonymous_2)
DA:1,1
DA:3,1
DA:7,0
DA:19,0
DA:21,0
DA:25,1
LF:6
LH:3
BRF:0
BRH:0
end_of_record
TN:
SF:src\middleware\auth.ts
FN:22,(anonymous_0)
FNF:1
FNH:0
FNDA:0,(anonymous_0)
DA:9,1
DA:10,1
DA:22,1
DA:24,0
DA:26,0
DA:27,0
DA:32,0
DA:34,0
DA:36,0
DA:37,0
DA:39,0
DA:43,1
LF:12
LH:4
BRDA:26,0,0,0
BRDA:26,0,1,0
BRF:2
BRH:0
end_of_record
TN:
SF:src\routes\authenticate.ts
FN:21,(anonymous_0)
FNF:1
FNH:0
FNDA:0,(anonymous_0)
DA:6,1
DA:7,1
DA:8,1
DA:9,1
DA:12,1
DA:21,1
DA:22,0
DA:23,0
DA:24,0
DA:27,0
DA:28,0
DA:39,0
DA:43,1
LF:13
LH:7
BRDA:23,0,0,0
BRDA:23,0,1,0
BRF:2
BRH:0
end_of_record
TN:
SF:src\routes\cryptos.ts
FN:20,(anonymous_0)
FN:26,(anonymous_1)
FN:28,(anonymous_2)
FN:31,(anonymous_3)
FN:34,(anonymous_4)
FN:63,(anonymous_5)
FN:67,(anonymous_6)
FN:70,(anonymous_7)
FN:93,(anonymous_8)
FN:97,(anonymous_9)
FN:100,(anonymous_10)
FNF:11
FNH:0
FNDA:0,(anonymous_0)
FNDA:0,(anonymous_1)
FNDA:0,(anonymous_2)
FNDA:0,(anonymous_3)
FNDA:0,(anonymous_4)
FNDA:0,(anonymous_5)
FNDA:0,(anonymous_6)
FNDA:0,(anonymous_7)
FNDA:0,(anonymous_8)
FNDA:0,(anonymous_9)
FNDA:0,(anonymous_10)
DA:7,1
DA:8,1
DA:9,1
DA:11,1
DA:20,1
DA:21,0
DA:22,0
DA:26,0
DA:27,0
DA:29,0
DA:31,0
DA:34,0
DA:40,0
DA:42,0
DA:43,0
DA:61,1
DA:64,0
DA:65,0
DA:66,0
DA:68,0
DA:70,0
DA:71,0
DA:73,0
DA:74,0
DA:93,1
DA:94,0
DA:95,0
DA:96,0
DA:98,0
DA:100,0
DA:101,0
DA:103,0
DA:104,0
DA:115,1
LF:34
LH:8
BRF:0
BRH:0
end_of_record
TN:
SF:src\routes\leaderboard.ts
FN:19,(anonymous_0)
FN:43,(anonymous_1)
FNF:2
FNH:0
FNDA:0,(anonymous_0)
FNDA:0,(anonymous_1)
DA:7,1
DA:8,1
DA:9,1
DA:10,1
DA:19,1
DA:20,0
DA:21,0
DA:22,0
DA:24,0
DA:25,0
DA:43,1
DA:44,0
DA:45,0
DA:46,0
DA:48,0
DA:49,0
DA:60,1
LF:17
LH:7
BRDA:52,0,0,1
BRDA:52,0,1,4
BRDA:53,1,0,1
BRDA:53,1,1,3
BRDA:54,2,0,2
BRDA:54,2,1,1
BRF:6
BRH:6
end_of_record
TN:
SF:/home/jon/lighthouse/projects/traderu/client/src/components/navbar/Navbar.vue
FN:30,(anonymous_1)
FN:33,(anonymous_2)
FNF:2
FNH:2
FNDA:2,(anonymous_1)
FNDA:2,(anonymous_2)
DA:22,1
DA:29,0
DA:30,0
DA:31,0
DA:34,0
DA:35,0
DA:36,0
DA:37,0
DA:40,0
DA:41,0
DA:50,0
DA:56,0
DA:57,0
DA:66,0
DA:72,0
DA:73,0
DA:78,0
DA:79,0
DA:83,0
DA:89,0
DA:90,0
DA:102,1
LF:29
LH:9
BRDA:30,0,0,0
BRDA:30,0,1,0
BRDA:40,1,0,0
BRDA:40,1,1,0
BRDA:56,2,0,0
BRDA:56,2,1,0
BRDA:72,3,0,0
BRDA:72,3,1,0
BRDA:78,4,0,0
BRDA:78,4,1,0
BRF:10
BRH:0
end_of_record
TN:
SF:src\routes\portfolios.ts
FN:29,(anonymous_0)
FN:65,(anonymous_1)
FN:107,(anonymous_2)
FN:146,(anonymous_3)
FN:149,(anonymous_4)
FN:153,(anonymous_5)
FN:156,(anonymous_6)
FN:161,(anonymous_7)
FN:233,(anonymous_8)
FN:239,(anonymous_9)
FN:243,(anonymous_10)
FN:246,(anonymous_11)
FN:251,(anonymous_12)
FNF:13
FNH:0
FNDA:0,(anonymous_0)
FNDA:0,(anonymous_1)
FNDA:0,(anonymous_2)
FNDA:0,(anonymous_3)
FNDA:0,(anonymous_4)
FNDA:0,(anonymous_5)
FNDA:0,(anonymous_6)
FNDA:0,(anonymous_7)
FNDA:0,(anonymous_8)
FNDA:0,(anonymous_9)
FNDA:0,(anonymous_10)
FNDA:0,(anonymous_11)
FNDA:0,(anonymous_12)
DA:7,1
DA:8,1
DA:9,1
DA:10,1
DA:11,1
DA:12,1
DA:13,1
DA:14,1
DA:15,1
DA:16,1
DA:17,1
DA:20,1
DA:29,1
DA:30,0
DA:31,0
DA:32,0
DA:35,0
DA:36,0
DA:38,0
DA:39,0
DA:57,1
DA:66,0
DA:68,0
DA:69,0
DA:71,0
DA:72,0
DA:73,0
DA:76,0
DA:80,0
DA:81,0
DA:83,0
DA:84,0
DA:104,1
DA:108,0
DA:109,0
DA:110,0
DA:113,0
DA:117,0
DA:119,0
DA:120,0
DA:139,1
DA:146,0
DA:150,0
DA:153,0
DA:157,0
DA:162,0
DA:163,0
DA:164,0
DA:166,0
DA:167,0
DA:168,0
DA:172,0
DA:174,0
DA:175,0
DA:185,0
DA:186,0
DA:187,0
DA:189,0
DA:198,0
DA:199,0
DA:201,0
DA:204,0
DA:208,0
DA:228,1
DA:233,0
DA:240,0
DA:243,0
DA:247,0
DA:252,0
DA:253,0
DA:254,0
DA:256,0
DA:257,0
DA:258,0
DA:262,0
DA:264,0
DA:265,0
DA:274,0
DA:275,0
DA:276,0
DA:278,0
DA:287,0
DA:288,0
DA:290,0
DA:293,0
DA:297,0
DA:310,1
LF:87
LH:18
BRDA:31,0,0,0
BRDA:31,0,1,0
BRDA:68,1,0,0
BRDA:68,1,1,0
BRDA:72,2,0,0
BRDA:72,2,1,0
BRDA:109,3,0,0
BRDA:109,3,1,0
BRDA:146,4,0,0
BRDA:146,4,1,0
BRDA:150,5,0,0
BRDA:150,5,1,0
BRDA:153,6,0,0
BRDA:153,6,1,0
BRDA:157,7,0,0
BRDA:157,7,1,0
BRDA:157,7,2,0
BRDA:157,7,3,0
BRDA:163,8,0,0
BRDA:163,8,1,0
BRDA:167,9,0,0
BRDA:167,9,1,0
BRDA:174,10,0,0
BRDA:174,10,1,0
BRDA:198,11,0,0
BRDA:198,11,1,0
BRDA:233,12,0,0
BRDA:233,12,1,0
BRDA:240,13,0,0
BRDA:240,13,1,0
BRDA:243,14,0,0
BRDA:243,14,1,0
BRDA:247,15,0,0
BRDA:247,15,1,0
BRDA:247,15,2,0
BRDA:247,15,3,0
BRDA:253,16,0,0
BRDA:253,16,1,0
BRDA:257,17,0,0
BRDA:257,17,1,0
BRDA:264,18,0,0
BRDA:264,18,1,0
BRDA:287,19,0,0
BRDA:287,19,1,0
BRF:44
BRH:0
end_of_record
TN:
SF:src\routes\register.ts
FN:42,(anonymous_0)
FN:49,(anonymous_1)
FN:73,(anonymous_2)
FN:76,(anonymous_3)
FN:111,(anonymous_4)
FNF:5
FNH:0
FNDA:0,(anonymous_0)
FNDA:0,(anonymous_1)
FNDA:0,(anonymous_2)
FNDA:0,(anonymous_3)
FNDA:0,(anonymous_4)
DA:7,1
DA:8,1
DA:9,1
DA:10,1
DA:11,1
DA:12,1
DA:13,1
DA:14,1
DA:15,1
DA:17,1
DA:18,1
DA:27,1
DA:43,0
DA:50,0
DA:52,0
DA:53,0
DA:55,0
DA:56,0
DA:57,0
DA:59,0
DA:60,0
DA:66,0
DA:69,0
DA:71,0
DA:74,0
DA:77,0
DA:80,0
DA:86,0
DA:90,0
DA:96,0
DA:100,0
DA:106,0
DA:107,0
DA:112,0
DA:113,0
DA:117,0
DA:124,0
DA:125,0
DA:138,1
LF:39
LH:13
BRDA:18,0,0,0
BRDA:18,0,1,1
BRDA:43,1,0,0
BRDA:43,1,1,0
BRDA:43,1,2,0
BRDA:43,1,3,0
BRDA:52,2,0,0
BRDA:52,2,1,0
BRDA:59,3,0,0
BRDA:59,3,1,0
BRDA:87,4,0,0
BRDA:87,4,1,0
BRDA:97,5,0,0
BRDA:97,5,1,0
BRDA:106,6,0,0
BRDA:106,6,1,0
BRDA:112,7,0,0
BRDA:112,7,1,0
BRF:18
BRH:1
end_of_record
TN:
SF:src\routes\stocks.ts
FN:24,(anonymous_0)
FN:30,(anonymous_1)
FN:32,(anonymous_2)
FN:35,(anonymous_3)
FN:38,(anonymous_4)
FN:67,(anonymous_5)
FN:71,(anonymous_6)
FN:74,(anonymous_7)
FN:97,(anonymous_8)
FN:101,(anonymous_9)
FN:104,(anonymous_10)
FN:126,(anonymous_11)
FN:130,(anonymous_12)
FN:133,(anonymous_13)
FNF:14
FNH:0
FNDA:0,(anonymous_0)
FNDA:0,(anonymous_1)
FNDA:0,(anonymous_2)
FNDA:0,(anonymous_3)
FNDA:0,(anonymous_4)
FNDA:1,(anonymous_5)
DA:59,1
DA:65,1
DA:69,1
DA:75,0
DA:83,1
DA:84,1
DA:85,1
LF:7
LH:6
BRDA:69,0,0,0
BRDA:69,0,1,1
BRDA:75,1,0,0
BRDA:75,1,1,0
BRF:4
BRH:1
end_of_record
